[2021-01-15 21:21:45] local.ERROR: Class 'Intervention\Image\ImageServiceProvider' not found {"exception":"[object] (Error(code: 0): Class 'Intervention\\Image\\ImageServiceProvider' not found at C:\\Users\\AmirSobhan_LP\\Documents\\GitHub\\Wallpaper-Tank-App\\web-laravel\\vendor\\laravel\\framework\\src\\Illuminate\\Foundation\\ProviderRepository.php:208)
[stacktrace]
#0 C:\\Users\\AmirSobhan_LP\\Documents\\GitHub\\Wallpaper-Tank-App\\web-laravel\\vendor\\laravel\\framework\\src\\Illuminate\\Foundation\\ProviderRepository.php(144): Illuminate\\Foundation\\ProviderRepository->createProvider('Intervention\\\\Im...')
#1 C:\\Users\\AmirSobhan_LP\\Documents\\GitHub\\Wallpaper-Tank-App\\web-laravel\\vendor\\laravel\\framework\\src\\Illuminate\\Foundation\\ProviderRepository.php(61): Illuminate\\Foundation\\ProviderRepository->compileManifest(Array)
#2 C:\\Users\\AmirSobhan_LP\\Documents\\GitHub\\Wallpaper-Tank-App\\web-laravel\\vendor\\laravel\\framework\\src\\Illuminate\\Foundation\\Application.php(604): Illuminate\\Foundation\\ProviderRepository->load(Array)
#3 C:\\Users\\AmirSobhan_LP\\Documents\\GitHub\\Wallpaper-Tank-App\\web-laravel\\vendor\\laravel\\framework\\src\\Illuminate\\Foundation\\Bootstrap\\RegisterProviders.php(17): Illuminate\\Foundation\\Application->registerConfiguredProviders()
#4 C:\\Users\\AmirSobhan_LP\\Documents\\GitHub\\Wallpaper-Tank-App\\web-laravel\\vendor\\laravel\\framework\\src\\Illuminate\\Foundation\\Application.php(230): Illuminate\\Foundation\\Bootstrap\\RegisterProviders->bootstrap(Object(Illuminate\\Foundation\\Application))
#5 C:\\Users\\AmirSobhan_LP\\Documents\\GitHub\\Wallpaper-Tank-App\\web-laravel\\vendor\\laravel\\framework\\src\\Illuminate\\Foundation\\Console\\Kernel.php(310): Illuminate\\Foundation\\Application->bootstrapWith(Array)
#6 C:\\Users\\AmirSobhan_LP\\Documents\\GitHub\\Wallpaper-Tank-App\\web-laravel\\vendor\\laravel\\framework\\src\\Illuminate\\Foundation\\Console\\Kernel.php(127): Illuminate\\Foundation\\Console\\Kernel->bootstrap()
#7 C:\\Users\\AmirSobhan_LP\\Documents\\GitHub\\Wallpaper-Tank-App\\web-laravel\\artisan(37): Illuminate\\Foundation\\Console\\Kernel->handle(Object(Symfony\\Component\\Console\\Input\\ArgvInput), Object(Symfony\\Component\\Console\\Output\\ConsoleOutput))
#8 {main}
"} 
[2021-01-15 21:22:26] local.ERROR: Class 'Intervention\Image\ImageServiceProvider' not found {"exception":"[object] (Error(code: 0): Class 'Intervention\\Image\\ImageServiceProvider' not found at C:\\Users\\AmirSobhan_LP\\Documents\\GitHub\\Wallpaper-Tank-App\\web-laravel\\vendor\\laravel\\framework\\src\\Illuminate\\Foundation\\ProviderRepository.php:208)
[stacktrace]
#0 C:\\Users\\AmirSobhan_LP\\Documents\\GitHub\\Wallpaper-Tank-App\\web-laravel\\vendor\\laravel\\framework\\src\\Illuminate\\Foundation\\ProviderRepository.php(144): Illuminate\\Foundation\\ProviderRepository->createProvider('Intervention\\\\Im...')
#1 C:\\Users\\AmirSobhan_LP\\Documents\\GitHub\\Wallpaper-Tank-App\\web-laravel\\vendor\\laravel\\framework\\src\\Illuminate\\Foundation\\ProviderRepository.php(61): Illuminate\\Foundation\\ProviderRepository->compileManifest(Array)
#2 C:\\Users\\AmirSobhan_LP\\Documents\\GitHub\\Wallpaper-Tank-App\\web-laravel\\vendor\\laravel\\framework\\src\\Illuminate\\Foundation\\Application.php(604): Illuminate\\Foundation\\ProviderRepository->load(Array)
#3 C:\\Users\\AmirSobhan_LP\\Documents\\GitHub\\Wallpaper-Tank-App\\web-laravel\\vendor\\laravel\\framework\\src\\Illuminate\\Foundation\\Bootstrap\\RegisterProviders.php(17): Illuminate\\Foundation\\Application->registerConfiguredProviders()
#4 C:\\Users\\AmirSobhan_LP\\Documents\\GitHub\\Wallpaper-Tank-App\\web-laravel\\vendor\\laravel\\framework\\src\\Illuminate\\Foundation\\Application.php(230): Illuminate\\Foundation\\Bootstrap\\RegisterProviders->bootstrap(Object(Illuminate\\Foundation\\Application))
#5 C:\\Users\\AmirSobhan_LP\\Documents\\GitHub\\Wallpaper-Tank-App\\web-laravel\\vendor\\laravel\\framework\\src\\Illuminate\\Foundation\\Console\\Kernel.php(310): Illuminate\\Foundation\\Application->bootstrapWith(Array)
#6 C:\\Users\\AmirSobhan_LP\\Documents\\GitHub\\Wallpaper-Tank-App\\web-laravel\\vendor\\laravel\\framework\\src\\Illuminate\\Foundation\\Console\\Kernel.php(127): Illuminate\\Foundation\\Console\\Kernel->bootstrap()
#7 C:\\Users\\AmirSobhan_LP\\Documents\\GitHub\\Wallpaper-Tank-App\\web-laravel\\artisan(37): Illuminate\\Foundation\\Console\\Kernel->handle(Object(Symfony\\Component\\Console\\Input\\ArgvInput), Object(Symfony\\Component\\Console\\Output\\ConsoleOutput))
#8 {main}
"} 
[2021-01-15 21:23:02] local.ERROR: Class 'Intervention\Image\ImageServiceProvider' not found {"exception":"[object] (Error(code: 0): Class 'Intervention\\Image\\ImageServiceProvider' not found at C:\\Users\\AmirSobhan_LP\\Documents\\GitHub\\Wallpaper-Tank-App\\web-laravel\\vendor\\laravel\\framework\\src\\Illuminate\\Foundation\\ProviderRepository.php:208)
[stacktrace]
#0 C:\\Users\\AmirSobhan_LP\\Documents\\GitHub\\Wallpaper-Tank-App\\web-laravel\\vendor\\laravel\\framework\\src\\Illuminate\\Foundation\\ProviderRepository.php(144): Illuminate\\Foundation\\ProviderRepository->createProvider('Intervention\\\\Im...')
#1 C:\\Users\\AmirSobhan_LP\\Documents\\GitHub\\Wallpaper-Tank-App\\web-laravel\\vendor\\laravel\\framework\\src\\Illuminate\\Foundation\\ProviderRepository.php(61): Illuminate\\Foundation\\ProviderRepository->compileManifest(Array)
#2 C:\\Users\\AmirSobhan_LP\\Documents\\GitHub\\Wallpaper-Tank-App\\web-laravel\\vendor\\laravel\\framework\\src\\Illuminate\\Foundation\\Application.php(604): Illuminate\\Foundation\\ProviderRepository->load(Array)
#3 C:\\Users\\AmirSobhan_LP\\Documents\\GitHub\\Wallpaper-Tank-App\\web-laravel\\vendor\\laravel\\framework\\src\\Illuminate\\Foundation\\Bootstrap\\RegisterProviders.php(17): Illuminate\\Foundation\\Application->registerConfiguredProviders()
#4 C:\\Users\\AmirSobhan_LP\\Documents\\GitHub\\Wallpaper-Tank-App\\web-laravel\\vendor\\laravel\\framework\\src\\Illuminate\\Foundation\\Application.php(230): Illuminate\\Foundation\\Bootstrap\\RegisterProviders->bootstrap(Object(Illuminate\\Foundation\\Application))
#5 C:\\Users\\AmirSobhan_LP\\Documents\\GitHub\\Wallpaper-Tank-App\\web-laravel\\vendor\\laravel\\framework\\src\\Illuminate\\Foundation\\Console\\Kernel.php(310): Illuminate\\Foundation\\Application->bootstrapWith(Array)
#6 C:\\Users\\AmirSobhan_LP\\Documents\\GitHub\\Wallpaper-Tank-App\\web-laravel\\vendor\\laravel\\framework\\src\\Illuminate\\Foundation\\Console\\Kernel.php(127): Illuminate\\Foundation\\Console\\Kernel->bootstrap()
#7 C:\\Users\\AmirSobhan_LP\\Documents\\GitHub\\Wallpaper-Tank-App\\web-laravel\\artisan(37): Illuminate\\Foundation\\Console\\Kernel->handle(Object(Symfony\\Component\\Console\\Input\\ArgvInput), Object(Symfony\\Component\\Console\\Output\\ConsoleOutput))
#8 {main}
"} 
[2021-01-15 21:23:02] local.ERROR: Class 'Intervention\Image\ImageServiceProvider' not found {"exception":"[object] (Error(code: 0): Class 'Intervention\\Image\\ImageServiceProvider' not found at C:\\Users\\AmirSobhan_LP\\Documents\\GitHub\\Wallpaper-Tank-App\\web-laravel\\vendor\\laravel\\framework\\src\\Illuminate\\Foundation\\ProviderRepository.php:208)
[stacktrace]
#0 C:\\Users\\AmirSobhan_LP\\Documents\\GitHub\\Wallpaper-Tank-App\\web-laravel\\vendor\\laravel\\framework\\src\\Illuminate\\Foundation\\ProviderRepository.php(144): Illuminate\\Foundation\\ProviderRepository->createProvider('Intervention\\\\Im...')
#1 C:\\Users\\AmirSobhan_LP\\Documents\\GitHub\\Wallpaper-Tank-App\\web-laravel\\vendor\\laravel\\framework\\src\\Illuminate\\Foundation\\ProviderRepository.php(61): Illuminate\\Foundation\\ProviderRepository->compileManifest(Array)
#2 C:\\Users\\AmirSobhan_LP\\Documents\\GitHub\\Wallpaper-Tank-App\\web-laravel\\vendor\\laravel\\framework\\src\\Illuminate\\Foundation\\Application.php(604): Illuminate\\Foundation\\ProviderRepository->load(Array)
#3 C:\\Users\\AmirSobhan_LP\\Documents\\GitHub\\Wallpaper-Tank-App\\web-laravel\\vendor\\laravel\\framework\\src\\Illuminate\\Foundation\\Bootstrap\\RegisterProviders.php(17): Illuminate\\Foundation\\Application->registerConfiguredProviders()
#4 C:\\Users\\AmirSobhan_LP\\Documents\\GitHub\\Wallpaper-Tank-App\\web-laravel\\vendor\\laravel\\framework\\src\\Illuminate\\Foundation\\Application.php(230): Illuminate\\Foundation\\Bootstrap\\RegisterProviders->bootstrap(Object(Illuminate\\Foundation\\Application))
#5 C:\\Users\\AmirSobhan_LP\\Documents\\GitHub\\Wallpaper-Tank-App\\web-laravel\\vendor\\laravel\\framework\\src\\Illuminate\\Foundation\\Console\\Kernel.php(310): Illuminate\\Foundation\\Application->bootstrapWith(Array)
#6 C:\\Users\\AmirSobhan_LP\\Documents\\GitHub\\Wallpaper-Tank-App\\web-laravel\\vendor\\laravel\\framework\\src\\Illuminate\\Foundation\\Console\\Kernel.php(127): Illuminate\\Foundation\\Console\\Kernel->bootstrap()
#7 C:\\Users\\AmirSobhan_LP\\Documents\\GitHub\\Wallpaper-Tank-App\\web-laravel\\artisan(37): Illuminate\\Foundation\\Console\\Kernel->handle(Object(Symfony\\Component\\Console\\Input\\ArgvInput), Object(Symfony\\Component\\Console\\Output\\ConsoleOutput))
#8 {main}
"} 
[2021-01-15 21:23:37] local.ERROR: Class 'Intervention\Image\ImageServiceProvider' not found {"exception":"[object] (Error(code: 0): Class 'Intervention\\Image\\ImageServiceProvider' not found at C:\\Users\\AmirSobhan_LP\\Documents\\GitHub\\Wallpaper-Tank-App\\web-laravel\\vendor\\laravel\\framework\\src\\Illuminate\\Foundation\\ProviderRepository.php:208)
[stacktrace]
#0 C:\\Users\\AmirSobhan_LP\\Documents\\GitHub\\Wallpaper-Tank-App\\web-laravel\\vendor\\laravel\\framework\\src\\Illuminate\\Foundation\\ProviderRepository.php(144): Illuminate\\Foundation\\ProviderRepository->createProvider('Intervention\\\\Im...')
#1 C:\\Users\\AmirSobhan_LP\\Documents\\GitHub\\Wallpaper-Tank-App\\web-laravel\\vendor\\laravel\\framework\\src\\Illuminate\\Foundation\\ProviderRepository.php(61): Illuminate\\Foundation\\ProviderRepository->compileManifest(Array)
#2 C:\\Users\\AmirSobhan_LP\\Documents\\GitHub\\Wallpaper-Tank-App\\web-laravel\\vendor\\laravel\\framework\\src\\Illuminate\\Foundation\\Application.php(604): Illuminate\\Foundation\\ProviderRepository->load(Array)
#3 C:\\Users\\AmirSobhan_LP\\Documents\\GitHub\\Wallpaper-Tank-App\\web-laravel\\vendor\\laravel\\framework\\src\\Illuminate\\Foundation\\Bootstrap\\RegisterProviders.php(17): Illuminate\\Foundation\\Application->registerConfiguredProviders()
#4 C:\\Users\\AmirSobhan_LP\\Documents\\GitHub\\Wallpaper-Tank-App\\web-laravel\\vendor\\laravel\\framework\\src\\Illuminate\\Foundation\\Application.php(230): Illuminate\\Foundation\\Bootstrap\\RegisterProviders->bootstrap(Object(Illuminate\\Foundation\\Application))
#5 C:\\Users\\AmirSobhan_LP\\Documents\\GitHub\\Wallpaper-Tank-App\\web-laravel\\vendor\\laravel\\framework\\src\\Illuminate\\Foundation\\Console\\Kernel.php(310): Illuminate\\Foundation\\Application->bootstrapWith(Array)
#6 C:\\Users\\AmirSobhan_LP\\Documents\\GitHub\\Wallpaper-Tank-App\\web-laravel\\vendor\\laravel\\framework\\src\\Illuminate\\Foundation\\Console\\Kernel.php(127): Illuminate\\Foundation\\Console\\Kernel->bootstrap()
#7 C:\\Users\\AmirSobhan_LP\\Documents\\GitHub\\Wallpaper-Tank-App\\web-laravel\\artisan(37): Illuminate\\Foundation\\Console\\Kernel->handle(Object(Symfony\\Component\\Console\\Input\\ArgvInput), Object(Symfony\\Component\\Console\\Output\\ConsoleOutput))
#8 {main}
"} 
[2021-01-15 21:28:05] local.ERROR: SQLSTATE[42S02]: Base table or view not found: 1146 Table 'laravel.wallpaper_views' doesn't exist (SQL: select * from `wallpaper_views` where `session_id` = zY8cXAZZu4mWhgz0Ur8nOw6cr4JoBaS1gG0B1efL and `wallpaper_id` = 1) {"exception":"[object] (Illuminate\\Database\\QueryException(code: 42S02): SQLSTATE[42S02]: Base table or view not found: 1146 Table 'laravel.wallpaper_views' doesn't exist (SQL: select * from `wallpaper_views` where `session_id` = zY8cXAZZu4mWhgz0Ur8nOw6cr4JoBaS1gG0B1efL and `wallpaper_id` = 1) at C:\\Users\\AmirSobhan_LP\\Documents\\GitHub\\Wallpaper-Tank-App\\web-laravel\\vendor\\laravel\\framework\\src\\Illuminate\\Database\\Connection.php:678)
[stacktrace]
#0 C:\\Users\\AmirSobhan_LP\\Documents\\GitHub\\Wallpaper-Tank-App\\web-laravel\\vendor\\laravel\\framework\\src\\Illuminate\\Database\\Connection.php(638): Illuminate\\Database\\Connection->runQueryCallback('select * from `...', Array, Object(Closure))
#1 C:\\Users\\AmirSobhan_LP\\Documents\\GitHub\\Wallpaper-Tank-App\\web-laravel\\vendor\\laravel\\framework\\src\\Illuminate\\Database\\Connection.php(346): Illuminate\\Database\\Connection->run('select * from `...', Array, Object(Closure))
#2 C:\\Users\\AmirSobhan_LP\\Documents\\GitHub\\Wallpaper-Tank-App\\web-laravel\\vendor\\laravel\\framework\\src\\Illuminate\\Database\\Query\\Builder.php(2313): Illuminate\\Database\\Connection->select('select * from `...', Array, true)
#3 C:\\Users\\AmirSobhan_LP\\Documents\\GitHub\\Wallpaper-Tank-App\\web-laravel\\vendor\\laravel\\framework\\src\\Illuminate\\Database\\Query\\Builder.php(2301): Illuminate\\Database\\Query\\Builder->runSelect()
#4 C:\\Users\\AmirSobhan_LP\\Documents\\GitHub\\Wallpaper-Tank-App\\web-laravel\\vendor\\laravel\\framework\\src\\Illuminate\\Database\\Query\\Builder.php(2796): Illuminate\\Database\\Query\\Builder->Illuminate\\Database\\Query\\{closure}()
#5 C:\\Users\\AmirSobhan_LP\\Documents\\GitHub\\Wallpaper-Tank-App\\web-laravel\\vendor\\laravel\\framework\\src\\Illuminate\\Database\\Query\\Builder.php(2302): Illuminate\\Database\\Query\\Builder->onceWithColumns(Array, Object(Closure))
#6 C:\\Users\\AmirSobhan_LP\\Documents\\GitHub\\Wallpaper-Tank-App\\web-laravel\\vendor\\laravel\\framework\\src\\Illuminate\\Database\\Eloquent\\Builder.php(549): Illuminate\\Database\\Query\\Builder->get(Array)
#7 C:\\Users\\AmirSobhan_LP\\Documents\\GitHub\\Wallpaper-Tank-App\\web-laravel\\vendor\\laravel\\framework\\src\\Illuminate\\Database\\Eloquent\\Builder.php(533): Illuminate\\Database\\Eloquent\\Builder->getModels(Array)
#8 C:\\Users\\AmirSobhan_LP\\Documents\\GitHub\\Wallpaper-Tank-App\\web-laravel\\app\\Models\\WallpaperViews.php(16): Illuminate\\Database\\Eloquent\\Builder->get()
#9 C:\\Users\\AmirSobhan_LP\\Documents\\GitHub\\Wallpaper-Tank-App\\web-laravel\\app\\Http\\Controllers\\WallpaperController.php(62): App\\Models\\WallpaperViews::createViewLog(Object(App\\Models\\Wallpaper))
#10 C:\\Users\\AmirSobhan_LP\\Documents\\GitHub\\Wallpaper-Tank-App\\web-laravel\\vendor\\laravel\\framework\\src\\Illuminate\\Routing\\Controller.php(54): App\\Http\\Controllers\\WallpaperController->show(Object(App\\Models\\Wallpaper), '1')
#11 C:\\Users\\AmirSobhan_LP\\Documents\\GitHub\\Wallpaper-Tank-App\\web-laravel\\vendor\\laravel\\framework\\src\\Illuminate\\Routing\\ControllerDispatcher.php(45): Illuminate\\Routing\\Controller->callAction('show', Array)
#12 C:\\Users\\AmirSobhan_LP\\Documents\\GitHub\\Wallpaper-Tank-App\\web-laravel\\vendor\\laravel\\framework\\src\\Illuminate\\Routing\\Route.php(254): Illuminate\\Routing\\ControllerDispatcher->dispatch(Object(Illuminate\\Routing\\Route), Object(App\\Http\\Controllers\\WallpaperController), 'show')
#13 C:\\Users\\AmirSobhan_LP\\Documents\\GitHub\\Wallpaper-Tank-App\\web-laravel\\vendor\\laravel\\framework\\src\\Illuminate\\Routing\\Route.php(197): Illuminate\\Routing\\Route->runController()
#14 C:\\Users\\AmirSobhan_LP\\Documents\\GitHub\\Wallpaper-Tank-App\\web-laravel\\vendor\\laravel\\framework\\src\\Illuminate\\Routing\\Router.php(692): Illuminate\\Routing\\Route->run()
#15 C:\\Users\\AmirSobhan_LP\\Documents\\GitHub\\Wallpaper-Tank-App\\web-laravel\\vendor\\laravel\\framework\\src\\Illuminate\\Pipeline\\Pipeline.php(128): Illuminate\\Routing\\Router->Illuminate\\Routing\\{closure}(Object(Illuminate\\Http\\Request))
#16 C:\\Users\\AmirSobhan_LP\\Documents\\GitHub\\Wallpaper-Tank-App\\web-laravel\\vendor\\laravel\\framework\\src\\Illuminate\\Routing\\Middleware\\SubstituteBindings.php(41): Illuminate\\Pipeline\\Pipeline->Illuminate\\Pipeline\\{closure}(Object(Illuminate\\Http\\Request))
#17 C:\\Users\\AmirSobhan_LP\\Documents\\GitHub\\Wallpaper-Tank-App\\web-laravel\\vendor\\laravel\\framework\\src\\Illuminate\\Pipeline\\Pipeline.php(167): Illuminate\\Routing\\Middleware\\SubstituteBindings->handle(Object(Illuminate\\Http\\Request), Object(Closure))
#18 C:\\Users\\AmirSobhan_LP\\Documents\\GitHub\\Wallpaper-Tank-App\\web-laravel\\vendor\\laravel\\framework\\src\\Illuminate\\Foundation\\Http\\Middleware\\VerifyCsrfToken.php(78): Illuminate\\Pipeline\\Pipeline->Illuminate\\Pipeline\\{closure}(Object(Illuminate\\Http\\Request))
#19 C:\\Users\\AmirSobhan_LP\\Documents\\GitHub\\Wallpaper-Tank-App\\web-laravel\\vendor\\laravel\\framework\\src\\Illuminate\\Pipeline\\Pipeline.php(167): Illuminate\\Foundation\\Http\\Middleware\\VerifyCsrfToken->handle(Object(Illuminate\\Http\\Request), Object(Closure))
#20 C:\\Users\\AmirSobhan_LP\\Documents\\GitHub\\Wallpaper-Tank-App\\web-laravel\\vendor\\laravel\\framework\\src\\Illuminate\\View\\Middleware\\ShareErrorsFromSession.php(49): Illuminate\\Pipeline\\Pipeline->Illuminate\\Pipeline\\{closure}(Object(Illuminate\\Http\\Request))
#21 C:\\Users\\AmirSobhan_LP\\Documents\\GitHub\\Wallpaper-Tank-App\\web-laravel\\vendor\\laravel\\framework\\src\\Illuminate\\Pipeline\\Pipeline.php(167): Illuminate\\View\\Middleware\\ShareErrorsFromSession->handle(Object(Illuminate\\Http\\Request), Object(Closure))
#22 C:\\Users\\AmirSobhan_LP\\Documents\\GitHub\\Wallpaper-Tank-App\\web-laravel\\vendor\\laravel\\framework\\src\\Illuminate\\Session\\Middleware\\StartSession.php(121): Illuminate\\Pipeline\\Pipeline->Illuminate\\Pipeline\\{closure}(Object(Illuminate\\Http\\Request))
#23 C:\\Users\\AmirSobhan_LP\\Documents\\GitHub\\Wallpaper-Tank-App\\web-laravel\\vendor\\laravel\\framework\\src\\Illuminate\\Session\\Middleware\\StartSession.php(63): Illuminate\\Session\\Middleware\\StartSession->handleStatefulRequest(Object(Illuminate\\Http\\Request), Object(Illuminate\\Session\\Store), Object(Closure))
#24 C:\\Users\\AmirSobhan_LP\\Documents\\GitHub\\Wallpaper-Tank-App\\web-laravel\\vendor\\laravel\\framework\\src\\Illuminate\\Pipeline\\Pipeline.php(167): Illuminate\\Session\\Middleware\\StartSession->handle(Object(Illuminate\\Http\\Request), Object(Closure))
#25 C:\\Users\\AmirSobhan_LP\\Documents\\GitHub\\Wallpaper-Tank-App\\web-laravel\\vendor\\laravel\\framework\\src\\Illuminate\\Cookie\\Middleware\\AddQueuedCookiesToResponse.php(37): Illuminate\\Pipeline\\Pipeline->Illuminate\\Pipeline\\{closure}(Object(Illuminate\\Http\\Request))
#26 C:\\Users\\AmirSobhan_LP\\Documents\\GitHub\\Wallpaper-Tank-App\\web-laravel\\vendor\\laravel\\framework\\src\\Illuminate\\Pipeline\\Pipeline.php(167): Illuminate\\Cookie\\Middleware\\AddQueuedCookiesToResponse->handle(Object(Illuminate\\Http\\Request), Object(Closure))
#27 C:\\Users\\AmirSobhan_LP\\Documents\\GitHub\\Wallpaper-Tank-App\\web-laravel\\vendor\\laravel\\framework\\src\\Illuminate\\Cookie\\Middleware\\EncryptCookies.php(67): Illuminate\\Pipeline\\Pipeline->Illuminate\\Pipeline\\{closure}(Object(Illuminate\\Http\\Request))
#28 C:\\Users\\AmirSobhan_LP\\Documents\\GitHub\\Wallpaper-Tank-App\\web-laravel\\vendor\\laravel\\framework\\src\\Illuminate\\Pipeline\\Pipeline.php(167): Illuminate\\Cookie\\Middleware\\EncryptCookies->handle(Object(Illuminate\\Http\\Request), Object(Closure))
#29 C:\\Users\\AmirSobhan_LP\\Documents\\GitHub\\Wallpaper-Tank-App\\web-laravel\\vendor\\laravel\\framework\\src\\Illuminate\\Pipeline\\Pipeline.php(103): Illuminate\\Pipeline\\Pipeline->Illuminate\\Pipeline\\{closure}(Object(Illuminate\\Http\\Request))
#30 C:\\Users\\AmirSobhan_LP\\Documents\\GitHub\\Wallpaper-Tank-App\\web-laravel\\vendor\\laravel\\framework\\src\\Illuminate\\Routing\\Router.php(694): Illuminate\\Pipeline\\Pipeline->then(Object(Closure))
#31 C:\\Users\\AmirSobhan_LP\\Documents\\GitHub\\Wallpaper-Tank-App\\web-laravel\\vendor\\laravel\\framework\\src\\Illuminate\\Routing\\Router.php(669): Illuminate\\Routing\\Router->runRouteWithinStack(Object(Illuminate\\Routing\\Route), Object(Illuminate\\Http\\Request))
#32 C:\\Users\\AmirSobhan_LP\\Documents\\GitHub\\Wallpaper-Tank-App\\web-laravel\\vendor\\laravel\\framework\\src\\Illuminate\\Routing\\Router.php(635): Illuminate\\Routing\\Router->runRoute(Object(Illuminate\\Http\\Request), Object(Illuminate\\Routing\\Route))
#33 C:\\Users\\AmirSobhan_LP\\Documents\\GitHub\\Wallpaper-Tank-App\\web-laravel\\vendor\\laravel\\framework\\src\\Illuminate\\Routing\\Router.php(624): Illuminate\\Routing\\Router->dispatchToRoute(Object(Illuminate\\Http\\Request))
#34 C:\\Users\\AmirSobhan_LP\\Documents\\GitHub\\Wallpaper-Tank-App\\web-laravel\\vendor\\laravel\\framework\\src\\Illuminate\\Foundation\\Http\\Kernel.php(166): Illuminate\\Routing\\Router->dispatch(Object(Illuminate\\Http\\Request))
#35 C:\\Users\\AmirSobhan_LP\\Documents\\GitHub\\Wallpaper-Tank-App\\web-laravel\\vendor\\laravel\\framework\\src\\Illuminate\\Pipeline\\Pipeline.php(128): Illuminate\\Foundation\\Http\\Kernel->Illuminate\\Foundation\\Http\\{closure}(Object(Illuminate\\Http\\Request))
#36 C:\\Users\\AmirSobhan_LP\\Documents\\GitHub\\Wallpaper-Tank-App\\web-laravel\\vendor\\laravel\\framework\\src\\Illuminate\\Foundation\\Http\\Middleware\\TransformsRequest.php(21): Illuminate\\Pipeline\\Pipeline->Illuminate\\Pipeline\\{closure}(Object(Illuminate\\Http\\Request))
#37 C:\\Users\\AmirSobhan_LP\\Documents\\GitHub\\Wallpaper-Tank-App\\web-laravel\\vendor\\laravel\\framework\\src\\Illuminate\\Pipeline\\Pipeline.php(167): Illuminate\\Foundation\\Http\\Middleware\\TransformsRequest->handle(Object(Illuminate\\Http\\Request), Object(Closure))
#38 C:\\Users\\AmirSobhan_LP\\Documents\\GitHub\\Wallpaper-Tank-App\\web-laravel\\vendor\\laravel\\framework\\src\\Illuminate\\Foundation\\Http\\Middleware\\TransformsRequest.php(21): Illuminate\\Pipeline\\Pipeline->Illuminate\\Pipeline\\{closure}(Object(Illuminate\\Http\\Request))
#39 C:\\Users\\AmirSobhan_LP\\Documents\\GitHub\\Wallpaper-Tank-App\\web-laravel\\vendor\\laravel\\framework\\src\\Illuminate\\Pipeline\\Pipeline.php(167): Illuminate\\Foundation\\Http\\Middleware\\TransformsRequest->handle(Object(Illuminate\\Http\\Request), Object(Closure))
#40 C:\\Users\\AmirSobhan_LP\\Documents\\GitHub\\Wallpaper-Tank-App\\web-laravel\\vendor\\laravel\\framework\\src\\Illuminate\\Foundation\\Http\\Middleware\\ValidatePostSize.php(27): Illuminate\\Pipeline\\Pipeline->Illuminate\\Pipeline\\{closure}(Object(Illuminate\\Http\\Request))
#41 C:\\Users\\AmirSobhan_LP\\Documents\\GitHub\\Wallpaper-Tank-App\\web-laravel\\vendor\\laravel\\framework\\src\\Illuminate\\Pipeline\\Pipeline.php(167): Illuminate\\Foundation\\Http\\Middleware\\ValidatePostSize->handle(Object(Illuminate\\Http\\Request), Object(Closure))
#42 C:\\Users\\AmirSobhan_LP\\Documents\\GitHub\\Wallpaper-Tank-App\\web-laravel\\vendor\\laravel\\framework\\src\\Illuminate\\Foundation\\Http\\Middleware\\PreventRequestsDuringMaintenance.php(86): Illuminate\\Pipeline\\Pipeline->Illuminate\\Pipeline\\{closure}(Object(Illuminate\\Http\\Request))
#43 C:\\Users\\AmirSobhan_LP\\Documents\\GitHub\\Wallpaper-Tank-App\\web-laravel\\vendor\\laravel\\framework\\src\\Illuminate\\Pipeline\\Pipeline.php(167): Illuminate\\Foundation\\Http\\Middleware\\PreventRequestsDuringMaintenance->handle(Object(Illuminate\\Http\\Request), Object(Closure))
#44 C:\\Users\\AmirSobhan_LP\\Documents\\GitHub\\Wallpaper-Tank-App\\web-laravel\\vendor\\fruitcake\\laravel-cors\\src\\HandleCors.php(37): Illuminate\\Pipeline\\Pipeline->Illuminate\\Pipeline\\{closure}(Object(Illuminate\\Http\\Request))
#45 C:\\Users\\AmirSobhan_LP\\Documents\\GitHub\\Wallpaper-Tank-App\\web-laravel\\vendor\\laravel\\framework\\src\\Illuminate\\Pipeline\\Pipeline.php(167): Fruitcake\\Cors\\HandleCors->handle(Object(Illuminate\\Http\\Request), Object(Closure))
#46 C:\\Users\\AmirSobhan_LP\\Documents\\GitHub\\Wallpaper-Tank-App\\web-laravel\\vendor\\fideloper\\proxy\\src\\TrustProxies.php(57): Illuminate\\Pipeline\\Pipeline->Illuminate\\Pipeline\\{closure}(Object(Illuminate\\Http\\Request))
#47 C:\\Users\\AmirSobhan_LP\\Documents\\GitHub\\Wallpaper-Tank-App\\web-laravel\\vendor\\laravel\\framework\\src\\Illuminate\\Pipeline\\Pipeline.php(167): Fideloper\\Proxy\\TrustProxies->handle(Object(Illuminate\\Http\\Request), Object(Closure))
#48 C:\\Users\\AmirSobhan_LP\\Documents\\GitHub\\Wallpaper-Tank-App\\web-laravel\\vendor\\laravel\\framework\\src\\Illuminate\\Pipeline\\Pipeline.php(103): Illuminate\\Pipeline\\Pipeline->Illuminate\\Pipeline\\{closure}(Object(Illuminate\\Http\\Request))
#49 C:\\Users\\AmirSobhan_LP\\Documents\\GitHub\\Wallpaper-Tank-App\\web-laravel\\vendor\\laravel\\framework\\src\\Illuminate\\Foundation\\Http\\Kernel.php(141): Illuminate\\Pipeline\\Pipeline->then(Object(Closure))
#50 C:\\Users\\AmirSobhan_LP\\Documents\\GitHub\\Wallpaper-Tank-App\\web-laravel\\vendor\\laravel\\framework\\src\\Illuminate\\Foundation\\Http\\Kernel.php(110): Illuminate\\Foundation\\Http\\Kernel->sendRequestThroughRouter(Object(Illuminate\\Http\\Request))
#51 C:\\Users\\AmirSobhan_LP\\Documents\\GitHub\\Wallpaper-Tank-App\\web-laravel\\public\\index.php(52): Illuminate\\Foundation\\Http\\Kernel->handle(Object(Illuminate\\Http\\Request))
#52 C:\\Users\\AmirSobhan_LP\\Documents\\GitHub\\Wallpaper-Tank-App\\web-laravel\\server.php(21): require_once('C:\\\\Users\\\\AmirSo...')
#53 {main}

[previous exception] [object] (PDOException(code: 42S02): SQLSTATE[42S02]: Base table or view not found: 1146 Table 'laravel.wallpaper_views' doesn't exist at C:\\Users\\AmirSobhan_LP\\Documents\\GitHub\\Wallpaper-Tank-App\\web-laravel\\vendor\\laravel\\framework\\src\\Illuminate\\Database\\Connection.php:338)
[stacktrace]
#0 C:\\Users\\AmirSobhan_LP\\Documents\\GitHub\\Wallpaper-Tank-App\\web-laravel\\vendor\\laravel\\framework\\src\\Illuminate\\Database\\Connection.php(338): PDO->prepare('select * from `...')
#1 C:\\Users\\AmirSobhan_LP\\Documents\\GitHub\\Wallpaper-Tank-App\\web-laravel\\vendor\\laravel\\framework\\src\\Illuminate\\Database\\Connection.php(671): Illuminate\\Database\\Connection->Illuminate\\Database\\{closure}('select * from `...', Array)
#2 C:\\Users\\AmirSobhan_LP\\Documents\\GitHub\\Wallpaper-Tank-App\\web-laravel\\vendor\\laravel\\framework\\src\\Illuminate\\Database\\Connection.php(638): Illuminate\\Database\\Connection->runQueryCallback('select * from `...', Array, Object(Closure))
#3 C:\\Users\\AmirSobhan_LP\\Documents\\GitHub\\Wallpaper-Tank-App\\web-laravel\\vendor\\laravel\\framework\\src\\Illuminate\\Database\\Connection.php(346): Illuminate\\Database\\Connection->run('select * from `...', Array, Object(Closure))
#4 C:\\Users\\AmirSobhan_LP\\Documents\\GitHub\\Wallpaper-Tank-App\\web-laravel\\vendor\\laravel\\framework\\src\\Illuminate\\Database\\Query\\Builder.php(2313): Illuminate\\Database\\Connection->select('select * from `...', Array, true)
#5 C:\\Users\\AmirSobhan_LP\\Documents\\GitHub\\Wallpaper-Tank-App\\web-laravel\\vendor\\laravel\\framework\\src\\Illuminate\\Database\\Query\\Builder.php(2301): Illuminate\\Database\\Query\\Builder->runSelect()
#6 C:\\Users\\AmirSobhan_LP\\Documents\\GitHub\\Wallpaper-Tank-App\\web-laravel\\vendor\\laravel\\framework\\src\\Illuminate\\Database\\Query\\Builder.php(2796): Illuminate\\Database\\Query\\Builder->Illuminate\\Database\\Query\\{closure}()
#7 C:\\Users\\AmirSobhan_LP\\Documents\\GitHub\\Wallpaper-Tank-App\\web-laravel\\vendor\\laravel\\framework\\src\\Illuminate\\Database\\Query\\Builder.php(2302): Illuminate\\Database\\Query\\Builder->onceWithColumns(Array, Object(Closure))
#8 C:\\Users\\AmirSobhan_LP\\Documents\\GitHub\\Wallpaper-Tank-App\\web-laravel\\vendor\\laravel\\framework\\src\\Illuminate\\Database\\Eloquent\\Builder.php(549): Illuminate\\Database\\Query\\Builder->get(Array)
#9 C:\\Users\\AmirSobhan_LP\\Documents\\GitHub\\Wallpaper-Tank-App\\web-laravel\\vendor\\laravel\\framework\\src\\Illuminate\\Database\\Eloquent\\Builder.php(533): Illuminate\\Database\\Eloquent\\Builder->getModels(Array)
#10 C:\\Users\\AmirSobhan_LP\\Documents\\GitHub\\Wallpaper-Tank-App\\web-laravel\\app\\Models\\WallpaperViews.php(16): Illuminate\\Database\\Eloquent\\Builder->get()
#11 C:\\Users\\AmirSobhan_LP\\Documents\\GitHub\\Wallpaper-Tank-App\\web-laravel\\app\\Http\\Controllers\\WallpaperController.php(62): App\\Models\\WallpaperViews::createViewLog(Object(App\\Models\\Wallpaper))
#12 C:\\Users\\AmirSobhan_LP\\Documents\\GitHub\\Wallpaper-Tank-App\\web-laravel\\vendor\\laravel\\framework\\src\\Illuminate\\Routing\\Controller.php(54): App\\Http\\Controllers\\WallpaperController->show(Object(App\\Models\\Wallpaper), '1')
#13 C:\\Users\\AmirSobhan_LP\\Documents\\GitHub\\Wallpaper-Tank-App\\web-laravel\\vendor\\laravel\\framework\\src\\Illuminate\\Routing\\ControllerDispatcher.php(45): Illuminate\\Routing\\Controller->callAction('show', Array)
#14 C:\\Users\\AmirSobhan_LP\\Documents\\GitHub\\Wallpaper-Tank-App\\web-laravel\\vendor\\laravel\\framework\\src\\Illuminate\\Routing\\Route.php(254): Illuminate\\Routing\\ControllerDispatcher->dispatch(Object(Illuminate\\Routing\\Route), Object(App\\Http\\Controllers\\WallpaperController), 'show')
#15 C:\\Users\\AmirSobhan_LP\\Documents\\GitHub\\Wallpaper-Tank-App\\web-laravel\\vendor\\laravel\\framework\\src\\Illuminate\\Routing\\Route.php(197): Illuminate\\Routing\\Route->runController()
#16 C:\\Users\\AmirSobhan_LP\\Documents\\GitHub\\Wallpaper-Tank-App\\web-laravel\\vendor\\laravel\\framework\\src\\Illuminate\\Routing\\Router.php(692): Illuminate\\Routing\\Route->run()
#17 C:\\Users\\AmirSobhan_LP\\Documents\\GitHub\\Wallpaper-Tank-App\\web-laravel\\vendor\\laravel\\framework\\src\\Illuminate\\Pipeline\\Pipeline.php(128): Illuminate\\Routing\\Router->Illuminate\\Routing\\{closure}(Object(Illuminate\\Http\\Request))
#18 C:\\Users\\AmirSobhan_LP\\Documents\\GitHub\\Wallpaper-Tank-App\\web-laravel\\vendor\\laravel\\framework\\src\\Illuminate\\Routing\\Middleware\\SubstituteBindings.php(41): Illuminate\\Pipeline\\Pipeline->Illuminate\\Pipeline\\{closure}(Object(Illuminate\\Http\\Request))
#19 C:\\Users\\AmirSobhan_LP\\Documents\\GitHub\\Wallpaper-Tank-App\\web-laravel\\vendor\\laravel\\framework\\src\\Illuminate\\Pipeline\\Pipeline.php(167): Illuminate\\Routing\\Middleware\\SubstituteBindings->handle(Object(Illuminate\\Http\\Request), Object(Closure))
#20 C:\\Users\\AmirSobhan_LP\\Documents\\GitHub\\Wallpaper-Tank-App\\web-laravel\\vendor\\laravel\\framework\\src\\Illuminate\\Foundation\\Http\\Middleware\\VerifyCsrfToken.php(78): Illuminate\\Pipeline\\Pipeline->Illuminate\\Pipeline\\{closure}(Object(Illuminate\\Http\\Request))
#21 C:\\Users\\AmirSobhan_LP\\Documents\\GitHub\\Wallpaper-Tank-App\\web-laravel\\vendor\\laravel\\framework\\src\\Illuminate\\Pipeline\\Pipeline.php(167): Illuminate\\Foundation\\Http\\Middleware\\VerifyCsrfToken->handle(Object(Illuminate\\Http\\Request), Object(Closure))
#22 C:\\Users\\AmirSobhan_LP\\Documents\\GitHub\\Wallpaper-Tank-App\\web-laravel\\vendor\\laravel\\framework\\src\\Illuminate\\View\\Middleware\\ShareErrorsFromSession.php(49): Illuminate\\Pipeline\\Pipeline->Illuminate\\Pipeline\\{closure}(Object(Illuminate\\Http\\Request))
#23 C:\\Users\\AmirSobhan_LP\\Documents\\GitHub\\Wallpaper-Tank-App\\web-laravel\\vendor\\laravel\\framework\\src\\Illuminate\\Pipeline\\Pipeline.php(167): Illuminate\\View\\Middleware\\ShareErrorsFromSession->handle(Object(Illuminate\\Http\\Request), Object(Closure))
#24 C:\\Users\\AmirSobhan_LP\\Documents\\GitHub\\Wallpaper-Tank-App\\web-laravel\\vendor\\laravel\\framework\\src\\Illuminate\\Session\\Middleware\\StartSession.php(121): Illuminate\\Pipeline\\Pipeline->Illuminate\\Pipeline\\{closure}(Object(Illuminate\\Http\\Request))
#25 C:\\Users\\AmirSobhan_LP\\Documents\\GitHub\\Wallpaper-Tank-App\\web-laravel\\vendor\\laravel\\framework\\src\\Illuminate\\Session\\Middleware\\StartSession.php(63): Illuminate\\Session\\Middleware\\StartSession->handleStatefulRequest(Object(Illuminate\\Http\\Request), Object(Illuminate\\Session\\Store), Object(Closure))
#26 C:\\Users\\AmirSobhan_LP\\Documents\\GitHub\\Wallpaper-Tank-App\\web-laravel\\vendor\\laravel\\framework\\src\\Illuminate\\Pipeline\\Pipeline.php(167): Illuminate\\Session\\Middleware\\StartSession->handle(Object(Illuminate\\Http\\Request), Object(Closure))
#27 C:\\Users\\AmirSobhan_LP\\Documents\\GitHub\\Wallpaper-Tank-App\\web-laravel\\vendor\\laravel\\framework\\src\\Illuminate\\Cookie\\Middleware\\AddQueuedCookiesToResponse.php(37): Illuminate\\Pipeline\\Pipeline->Illuminate\\Pipeline\\{closure}(Object(Illuminate\\Http\\Request))
#28 C:\\Users\\AmirSobhan_LP\\Documents\\GitHub\\Wallpaper-Tank-App\\web-laravel\\vendor\\laravel\\framework\\src\\Illuminate\\Pipeline\\Pipeline.php(167): Illuminate\\Cookie\\Middleware\\AddQueuedCookiesToResponse->handle(Object(Illuminate\\Http\\Request), Object(Closure))
#29 C:\\Users\\AmirSobhan_LP\\Documents\\GitHub\\Wallpaper-Tank-App\\web-laravel\\vendor\\laravel\\framework\\src\\Illuminate\\Cookie\\Middleware\\EncryptCookies.php(67): Illuminate\\Pipeline\\Pipeline->Illuminate\\Pipeline\\{closure}(Object(Illuminate\\Http\\Request))
#30 C:\\Users\\AmirSobhan_LP\\Documents\\GitHub\\Wallpaper-Tank-App\\web-laravel\\vendor\\laravel\\framework\\src\\Illuminate\\Pipeline\\Pipeline.php(167): Illuminate\\Cookie\\Middleware\\EncryptCookies->handle(Object(Illuminate\\Http\\Request), Object(Closure))
#31 C:\\Users\\AmirSobhan_LP\\Documents\\GitHub\\Wallpaper-Tank-App\\web-laravel\\vendor\\laravel\\framework\\src\\Illuminate\\Pipeline\\Pipeline.php(103): Illuminate\\Pipeline\\Pipeline->Illuminate\\Pipeline\\{closure}(Object(Illuminate\\Http\\Request))
#32 C:\\Users\\AmirSobhan_LP\\Documents\\GitHub\\Wallpaper-Tank-App\\web-laravel\\vendor\\laravel\\framework\\src\\Illuminate\\Routing\\Router.php(694): Illuminate\\Pipeline\\Pipeline->then(Object(Closure))
#33 C:\\Users\\AmirSobhan_LP\\Documents\\GitHub\\Wallpaper-Tank-App\\web-laravel\\vendor\\laravel\\framework\\src\\Illuminate\\Routing\\Router.php(669): Illuminate\\Routing\\Router->runRouteWithinStack(Object(Illuminate\\Routing\\Route), Object(Illuminate\\Http\\Request))
#34 C:\\Users\\AmirSobhan_LP\\Documents\\GitHub\\Wallpaper-Tank-App\\web-laravel\\vendor\\laravel\\framework\\src\\Illuminate\\Routing\\Router.php(635): Illuminate\\Routing\\Router->runRoute(Object(Illuminate\\Http\\Request), Object(Illuminate\\Routing\\Route))
#35 C:\\Users\\AmirSobhan_LP\\Documents\\GitHub\\Wallpaper-Tank-App\\web-laravel\\vendor\\laravel\\framework\\src\\Illuminate\\Routing\\Router.php(624): Illuminate\\Routing\\Router->dispatchToRoute(Object(Illuminate\\Http\\Request))
#36 C:\\Users\\AmirSobhan_LP\\Documents\\GitHub\\Wallpaper-Tank-App\\web-laravel\\vendor\\laravel\\framework\\src\\Illuminate\\Foundation\\Http\\Kernel.php(166): Illuminate\\Routing\\Router->dispatch(Object(Illuminate\\Http\\Request))
#37 C:\\Users\\AmirSobhan_LP\\Documents\\GitHub\\Wallpaper-Tank-App\\web-laravel\\vendor\\laravel\\framework\\src\\Illuminate\\Pipeline\\Pipeline.php(128): Illuminate\\Foundation\\Http\\Kernel->Illuminate\\Foundation\\Http\\{closure}(Object(Illuminate\\Http\\Request))
#38 C:\\Users\\AmirSobhan_LP\\Documents\\GitHub\\Wallpaper-Tank-App\\web-laravel\\vendor\\laravel\\framework\\src\\Illuminate\\Foundation\\Http\\Middleware\\TransformsRequest.php(21): Illuminate\\Pipeline\\Pipeline->Illuminate\\Pipeline\\{closure}(Object(Illuminate\\Http\\Request))
#39 C:\\Users\\AmirSobhan_LP\\Documents\\GitHub\\Wallpaper-Tank-App\\web-laravel\\vendor\\laravel\\framework\\src\\Illuminate\\Pipeline\\Pipeline.php(167): Illuminate\\Foundation\\Http\\Middleware\\TransformsRequest->handle(Object(Illuminate\\Http\\Request), Object(Closure))
#40 C:\\Users\\AmirSobhan_LP\\Documents\\GitHub\\Wallpaper-Tank-App\\web-laravel\\vendor\\laravel\\framework\\src\\Illuminate\\Foundation\\Http\\Middleware\\TransformsRequest.php(21): Illuminate\\Pipeline\\Pipeline->Illuminate\\Pipeline\\{closure}(Object(Illuminate\\Http\\Request))
#41 C:\\Users\\AmirSobhan_LP\\Documents\\GitHub\\Wallpaper-Tank-App\\web-laravel\\vendor\\laravel\\framework\\src\\Illuminate\\Pipeline\\Pipeline.php(167): Illuminate\\Foundation\\Http\\Middleware\\TransformsRequest->handle(Object(Illuminate\\Http\\Request), Object(Closure))
#42 C:\\Users\\AmirSobhan_LP\\Documents\\GitHub\\Wallpaper-Tank-App\\web-laravel\\vendor\\laravel\\framework\\src\\Illuminate\\Foundation\\Http\\Middleware\\ValidatePostSize.php(27): Illuminate\\Pipeline\\Pipeline->Illuminate\\Pipeline\\{closure}(Object(Illuminate\\Http\\Request))
#43 C:\\Users\\AmirSobhan_LP\\Documents\\GitHub\\Wallpaper-Tank-App\\web-laravel\\vendor\\laravel\\framework\\src\\Illuminate\\Pipeline\\Pipeline.php(167): Illuminate\\Foundation\\Http\\Middleware\\ValidatePostSize->handle(Object(Illuminate\\Http\\Request), Object(Closure))
#44 C:\\Users\\AmirSobhan_LP\\Documents\\GitHub\\Wallpaper-Tank-App\\web-laravel\\vendor\\laravel\\framework\\src\\Illuminate\\Foundation\\Http\\Middleware\\PreventRequestsDuringMaintenance.php(86): Illuminate\\Pipeline\\Pipeline->Illuminate\\Pipeline\\{closure}(Object(Illuminate\\Http\\Request))
#45 C:\\Users\\AmirSobhan_LP\\Documents\\GitHub\\Wallpaper-Tank-App\\web-laravel\\vendor\\laravel\\framework\\src\\Illuminate\\Pipeline\\Pipeline.php(167): Illuminate\\Foundation\\Http\\Middleware\\PreventRequestsDuringMaintenance->handle(Object(Illuminate\\Http\\Request), Object(Closure))
#46 C:\\Users\\AmirSobhan_LP\\Documents\\GitHub\\Wallpaper-Tank-App\\web-laravel\\vendor\\fruitcake\\laravel-cors\\src\\HandleCors.php(37): Illuminate\\Pipeline\\Pipeline->Illuminate\\Pipeline\\{closure}(Object(Illuminate\\Http\\Request))
#47 C:\\Users\\AmirSobhan_LP\\Documents\\GitHub\\Wallpaper-Tank-App\\web-laravel\\vendor\\laravel\\framework\\src\\Illuminate\\Pipeline\\Pipeline.php(167): Fruitcake\\Cors\\HandleCors->handle(Object(Illuminate\\Http\\Request), Object(Closure))
#48 C:\\Users\\AmirSobhan_LP\\Documents\\GitHub\\Wallpaper-Tank-App\\web-laravel\\vendor\\fideloper\\proxy\\src\\TrustProxies.php(57): Illuminate\\Pipeline\\Pipeline->Illuminate\\Pipeline\\{closure}(Object(Illuminate\\Http\\Request))
#49 C:\\Users\\AmirSobhan_LP\\Documents\\GitHub\\Wallpaper-Tank-App\\web-laravel\\vendor\\laravel\\framework\\src\\Illuminate\\Pipeline\\Pipeline.php(167): Fideloper\\Proxy\\TrustProxies->handle(Object(Illuminate\\Http\\Request), Object(Closure))
#50 C:\\Users\\AmirSobhan_LP\\Documents\\GitHub\\Wallpaper-Tank-App\\web-laravel\\vendor\\laravel\\framework\\src\\Illuminate\\Pipeline\\Pipeline.php(103): Illuminate\\Pipeline\\Pipeline->Illuminate\\Pipeline\\{closure}(Object(Illuminate\\Http\\Request))
#51 C:\\Users\\AmirSobhan_LP\\Documents\\GitHub\\Wallpaper-Tank-App\\web-laravel\\vendor\\laravel\\framework\\src\\Illuminate\\Foundation\\Http\\Kernel.php(141): Illuminate\\Pipeline\\Pipeline->then(Object(Closure))
#52 C:\\Users\\AmirSobhan_LP\\Documents\\GitHub\\Wallpaper-Tank-App\\web-laravel\\vendor\\laravel\\framework\\src\\Illuminate\\Foundation\\Http\\Kernel.php(110): Illuminate\\Foundation\\Http\\Kernel->sendRequestThroughRouter(Object(Illuminate\\Http\\Request))
#53 C:\\Users\\AmirSobhan_LP\\Documents\\GitHub\\Wallpaper-Tank-App\\web-laravel\\public\\index.php(52): Illuminate\\Foundation\\Http\\Kernel->handle(Object(Illuminate\\Http\\Request))
#54 C:\\Users\\AmirSobhan_LP\\Documents\\GitHub\\Wallpaper-Tank-App\\web-laravel\\server.php(21): require_once('C:\\\\Users\\\\AmirSo...')
#55 {main}
"} 
[2021-01-15 21:52:03] local.ERROR: hex2bin(): Input string must be hexadecimal string {"exception":"[object] (ErrorException(code: 0): hex2bin(): Input string must be hexadecimal string at C:\\Users\\AmirSobhan_LP\\Documents\\GitHub\\Wallpaper-Tank-App\\web-laravel\\app\\Models\\Token.php:21)
[stacktrace]
#0 [internal function]: Illuminate\\Foundation\\Bootstrap\\HandleExceptions->handleError(2, 'hex2bin(): Inpu...', 'C:\\\\Users\\\\AmirSo...', 21, Array)
#1 C:\\Users\\AmirSobhan_LP\\Documents\\GitHub\\Wallpaper-Tank-App\\web-laravel\\app\\Models\\Token.php(21): hex2bin('\\x95j\\x86\\x14Cv\\xE77?\\x97jM \\xCD\
...')
#2 C:\\Users\\AmirSobhan_LP\\Documents\\GitHub\\Wallpaper-Tank-App\\web-laravel\outes\\api.php(21): App\\Models\\Token::store(Object(Illuminate\\Http\\Request))
#3 C:\\Users\\AmirSobhan_LP\\Documents\\GitHub\\Wallpaper-Tank-App\\web-laravel\\vendor\\laravel\\framework\\src\\Illuminate\\Routing\\Route.php(230): Illuminate\\Routing\\RouteFileRegistrar->{closure}(Object(Illuminate\\Http\\Request))
#4 C:\\Users\\AmirSobhan_LP\\Documents\\GitHub\\Wallpaper-Tank-App\\web-laravel\\vendor\\laravel\\framework\\src\\Illuminate\\Routing\\Route.php(200): Illuminate\\Routing\\Route->runCallable()
#5 C:\\Users\\AmirSobhan_LP\\Documents\\GitHub\\Wallpaper-Tank-App\\web-laravel\\vendor\\laravel\\framework\\src\\Illuminate\\Routing\\Router.php(692): Illuminate\\Routing\\Route->run()
#6 C:\\Users\\AmirSobhan_LP\\Documents\\GitHub\\Wallpaper-Tank-App\\web-laravel\\vendor\\laravel\\framework\\src\\Illuminate\\Pipeline\\Pipeline.php(128): Illuminate\\Routing\\Router->Illuminate\\Routing\\{closure}(Object(Illuminate\\Http\\Request))
#7 C:\\Users\\AmirSobhan_LP\\Documents\\GitHub\\Wallpaper-Tank-App\\web-laravel\\vendor\\laravel\\framework\\src\\Illuminate\\Routing\\Middleware\\SubstituteBindings.php(41): Illuminate\\Pipeline\\Pipeline->Illuminate\\Pipeline\\{closure}(Object(Illuminate\\Http\\Request))
#8 C:\\Users\\AmirSobhan_LP\\Documents\\GitHub\\Wallpaper-Tank-App\\web-laravel\\vendor\\laravel\\framework\\src\\Illuminate\\Pipeline\\Pipeline.php(167): Illuminate\\Routing\\Middleware\\SubstituteBindings->handle(Object(Illuminate\\Http\\Request), Object(Closure))
#9 C:\\Users\\AmirSobhan_LP\\Documents\\GitHub\\Wallpaper-Tank-App\\web-laravel\\vendor\\laravel\\framework\\src\\Illuminate\\Routing\\Middleware\\ThrottleRequests.php(127): Illuminate\\Pipeline\\Pipeline->Illuminate\\Pipeline\\{closure}(Object(Illuminate\\Http\\Request))
#10 C:\\Users\\AmirSobhan_LP\\Documents\\GitHub\\Wallpaper-Tank-App\\web-laravel\\vendor\\laravel\\framework\\src\\Illuminate\\Routing\\Middleware\\ThrottleRequests.php(103): Illuminate\\Routing\\Middleware\\ThrottleRequests->handleRequest(Object(Illuminate\\Http\\Request), Object(Closure), Array)
#11 C:\\Users\\AmirSobhan_LP\\Documents\\GitHub\\Wallpaper-Tank-App\\web-laravel\\vendor\\laravel\\framework\\src\\Illuminate\\Routing\\Middleware\\ThrottleRequests.php(55): Illuminate\\Routing\\Middleware\\ThrottleRequests->handleRequestUsingNamedLimiter(Object(Illuminate\\Http\\Request), Object(Closure), 'api', Object(Closure))
#12 C:\\Users\\AmirSobhan_LP\\Documents\\GitHub\\Wallpaper-Tank-App\\web-laravel\\vendor\\laravel\\framework\\src\\Illuminate\\Pipeline\\Pipeline.php(167): Illuminate\\Routing\\Middleware\\ThrottleRequests->handle(Object(Illuminate\\Http\\Request), Object(Closure), 'api')
#13 C:\\Users\\AmirSobhan_LP\\Documents\\GitHub\\Wallpaper-Tank-App\\web-laravel\\vendor\\laravel\\framework\\src\\Illuminate\\Pipeline\\Pipeline.php(103): Illuminate\\Pipeline\\Pipeline->Illuminate\\Pipeline\\{closure}(Object(Illuminate\\Http\\Request))
#14 C:\\Users\\AmirSobhan_LP\\Documents\\GitHub\\Wallpaper-Tank-App\\web-laravel\\vendor\\laravel\\framework\\src\\Illuminate\\Routing\\Router.php(694): Illuminate\\Pipeline\\Pipeline->then(Object(Closure))
#15 C:\\Users\\AmirSobhan_LP\\Documents\\GitHub\\Wallpaper-Tank-App\\web-laravel\\vendor\\laravel\\framework\\src\\Illuminate\\Routing\\Router.php(669): Illuminate\\Routing\\Router->runRouteWithinStack(Object(Illuminate\\Routing\\Route), Object(Illuminate\\Http\\Request))
#16 C:\\Users\\AmirSobhan_LP\\Documents\\GitHub\\Wallpaper-Tank-App\\web-laravel\\vendor\\laravel\\framework\\src\\Illuminate\\Routing\\Router.php(635): Illuminate\\Routing\\Router->runRoute(Object(Illuminate\\Http\\Request), Object(Illuminate\\Routing\\Route))
#17 C:\\Users\\AmirSobhan_LP\\Documents\\GitHub\\Wallpaper-Tank-App\\web-laravel\\vendor\\laravel\\framework\\src\\Illuminate\\Routing\\Router.php(624): Illuminate\\Routing\\Router->dispatchToRoute(Object(Illuminate\\Http\\Request))
#18 C:\\Users\\AmirSobhan_LP\\Documents\\GitHub\\Wallpaper-Tank-App\\web-laravel\\vendor\\laravel\\framework\\src\\Illuminate\\Foundation\\Http\\Kernel.php(166): Illuminate\\Routing\\Router->dispatch(Object(Illuminate\\Http\\Request))
#19 C:\\Users\\AmirSobhan_LP\\Documents\\GitHub\\Wallpaper-Tank-App\\web-laravel\\vendor\\laravel\\framework\\src\\Illuminate\\Pipeline\\Pipeline.php(128): Illuminate\\Foundation\\Http\\Kernel->Illuminate\\Foundation\\Http\\{closure}(Object(Illuminate\\Http\\Request))
#20 C:\\Users\\AmirSobhan_LP\\Documents\\GitHub\\Wallpaper-Tank-App\\web-laravel\\vendor\\laravel\\framework\\src\\Illuminate\\Foundation\\Http\\Middleware\\TransformsRequest.php(21): Illuminate\\Pipeline\\Pipeline->Illuminate\\Pipeline\\{closure}(Object(Illuminate\\Http\\Request))
#21 C:\\Users\\AmirSobhan_LP\\Documents\\GitHub\\Wallpaper-Tank-App\\web-laravel\\vendor\\laravel\\framework\\src\\Illuminate\\Pipeline\\Pipeline.php(167): Illuminate\\Foundation\\Http\\Middleware\\TransformsRequest->handle(Object(Illuminate\\Http\\Request), Object(Closure))
#22 C:\\Users\\AmirSobhan_LP\\Documents\\GitHub\\Wallpaper-Tank-App\\web-laravel\\vendor\\laravel\\framework\\src\\Illuminate\\Foundation\\Http\\Middleware\\TransformsRequest.php(21): Illuminate\\Pipeline\\Pipeline->Illuminate\\Pipeline\\{closure}(Object(Illuminate\\Http\\Request))
#23 C:\\Users\\AmirSobhan_LP\\Documents\\GitHub\\Wallpaper-Tank-App\\web-laravel\\vendor\\laravel\\framework\\src\\Illuminate\\Pipeline\\Pipeline.php(167): Illuminate\\Foundation\\Http\\Middleware\\TransformsRequest->handle(Object(Illuminate\\Http\\Request), Object(Closure))
#24 C:\\Users\\AmirSobhan_LP\\Documents\\GitHub\\Wallpaper-Tank-App\\web-laravel\\vendor\\laravel\\framework\\src\\Illuminate\\Foundation\\Http\\Middleware\\ValidatePostSize.php(27): Illuminate\\Pipeline\\Pipeline->Illuminate\\Pipeline\\{closure}(Object(Illuminate\\Http\\Request))
#25 C:\\Users\\AmirSobhan_LP\\Documents\\GitHub\\Wallpaper-Tank-App\\web-laravel\\vendor\\laravel\\framework\\src\\Illuminate\\Pipeline\\Pipeline.php(167): Illuminate\\Foundation\\Http\\Middleware\\ValidatePostSize->handle(Object(Illuminate\\Http\\Request), Object(Closure))
#26 C:\\Users\\AmirSobhan_LP\\Documents\\GitHub\\Wallpaper-Tank-App\\web-laravel\\vendor\\laravel\\framework\\src\\Illuminate\\Foundation\\Http\\Middleware\\PreventRequestsDuringMaintenance.php(86): Illuminate\\Pipeline\\Pipeline->Illuminate\\Pipeline\\{closure}(Object(Illuminate\\Http\\Request))
#27 C:\\Users\\AmirSobhan_LP\\Documents\\GitHub\\Wallpaper-Tank-App\\web-laravel\\vendor\\laravel\\framework\\src\\Illuminate\\Pipeline\\Pipeline.php(167): Illuminate\\Foundation\\Http\\Middleware\\PreventRequestsDuringMaintenance->handle(Object(Illuminate\\Http\\Request), Object(Closure))
#28 C:\\Users\\AmirSobhan_LP\\Documents\\GitHub\\Wallpaper-Tank-App\\web-laravel\\vendor\\fruitcake\\laravel-cors\\src\\HandleCors.php(57): Illuminate\\Pipeline\\Pipeline->Illuminate\\Pipeline\\{closure}(Object(Illuminate\\Http\\Request))
#29 C:\\Users\\AmirSobhan_LP\\Documents\\GitHub\\Wallpaper-Tank-App\\web-laravel\\vendor\\laravel\\framework\\src\\Illuminate\\Pipeline\\Pipeline.php(167): Fruitcake\\Cors\\HandleCors->handle(Object(Illuminate\\Http\\Request), Object(Closure))
#30 C:\\Users\\AmirSobhan_LP\\Documents\\GitHub\\Wallpaper-Tank-App\\web-laravel\\vendor\\fideloper\\proxy\\src\\TrustProxies.php(57): Illuminate\\Pipeline\\Pipeline->Illuminate\\Pipeline\\{closure}(Object(Illuminate\\Http\\Request))
#31 C:\\Users\\AmirSobhan_LP\\Documents\\GitHub\\Wallpaper-Tank-App\\web-laravel\\vendor\\laravel\\framework\\src\\Illuminate\\Pipeline\\Pipeline.php(167): Fideloper\\Proxy\\TrustProxies->handle(Object(Illuminate\\Http\\Request), Object(Closure))
#32 C:\\Users\\AmirSobhan_LP\\Documents\\GitHub\\Wallpaper-Tank-App\\web-laravel\\vendor\\laravel\\framework\\src\\Illuminate\\Pipeline\\Pipeline.php(103): Illuminate\\Pipeline\\Pipeline->Illuminate\\Pipeline\\{closure}(Object(Illuminate\\Http\\Request))
#33 C:\\Users\\AmirSobhan_LP\\Documents\\GitHub\\Wallpaper-Tank-App\\web-laravel\\vendor\\laravel\\framework\\src\\Illuminate\\Foundation\\Http\\Kernel.php(141): Illuminate\\Pipeline\\Pipeline->then(Object(Closure))
#34 C:\\Users\\AmirSobhan_LP\\Documents\\GitHub\\Wallpaper-Tank-App\\web-laravel\\vendor\\laravel\\framework\\src\\Illuminate\\Foundation\\Http\\Kernel.php(110): Illuminate\\Foundation\\Http\\Kernel->sendRequestThroughRouter(Object(Illuminate\\Http\\Request))
#35 C:\\Users\\AmirSobhan_LP\\Documents\\GitHub\\Wallpaper-Tank-App\\web-laravel\\public\\index.php(52): Illuminate\\Foundation\\Http\\Kernel->handle(Object(Illuminate\\Http\\Request))
#36 C:\\Users\\AmirSobhan_LP\\Documents\\GitHub\\Wallpaper-Tank-App\\web-laravel\\server.php(21): require_once('C:\\\\Users\\\\AmirSo...')
#37 {main}
"} 
[2021-01-16 01:32:56] local.ERROR: Call to a member function getId() on null {"exception":"[object] (Error(code: 0): Call to a member function getId() on null at C:\\Users\\AmirSobhan_LP\\Documents\\GitHub\\Wallpaper-Tank-App\\web-laravel\\app\\Models\\WallpaperLikes.php:19)
[stacktrace]
#0 C:\\Users\\AmirSobhan_LP\\Documents\\GitHub\\Wallpaper-Tank-App\\web-laravel\\app\\Models\\WallpaperLikes.php(28): App\\Models\\WallpaperLikes::isUserLiked(1)
#1 C:\\Users\\AmirSobhan_LP\\Documents\\GitHub\\Wallpaper-Tank-App\\web-laravel\outes\\api.php(60): App\\Models\\WallpaperLikes::increase(Object(App\\Models\\Wallpaper))
#2 C:\\Users\\AmirSobhan_LP\\Documents\\GitHub\\Wallpaper-Tank-App\\web-laravel\\vendor\\laravel\\framework\\src\\Illuminate\\Routing\\Route.php(230): Illuminate\\Routing\\RouteFileRegistrar->{closure}('1', Object(Illuminate\\Http\\Request))
#3 C:\\Users\\AmirSobhan_LP\\Documents\\GitHub\\Wallpaper-Tank-App\\web-laravel\\vendor\\laravel\\framework\\src\\Illuminate\\Routing\\Route.php(200): Illuminate\\Routing\\Route->runCallable()
#4 C:\\Users\\AmirSobhan_LP\\Documents\\GitHub\\Wallpaper-Tank-App\\web-laravel\\vendor\\laravel\\framework\\src\\Illuminate\\Routing\\Router.php(692): Illuminate\\Routing\\Route->run()
#5 C:\\Users\\AmirSobhan_LP\\Documents\\GitHub\\Wallpaper-Tank-App\\web-laravel\\vendor\\laravel\\framework\\src\\Illuminate\\Pipeline\\Pipeline.php(128): Illuminate\\Routing\\Router->Illuminate\\Routing\\{closure}(Object(Illuminate\\Http\\Request))
#6 C:\\Users\\AmirSobhan_LP\\Documents\\GitHub\\Wallpaper-Tank-App\\web-laravel\\app\\Http\\Middleware\\isAuthorized.php(22): Illuminate\\Pipeline\\Pipeline->Illuminate\\Pipeline\\{closure}(Object(Illuminate\\Http\\Request))
#7 C:\\Users\\AmirSobhan_LP\\Documents\\GitHub\\Wallpaper-Tank-App\\web-laravel\\vendor\\laravel\\framework\\src\\Illuminate\\Pipeline\\Pipeline.php(167): App\\Http\\Middleware\\isAuthorized->handle(Object(Illuminate\\Http\\Request), Object(Closure))
#8 C:\\Users\\AmirSobhan_LP\\Documents\\GitHub\\Wallpaper-Tank-App\\web-laravel\\vendor\\laravel\\framework\\src\\Illuminate\\Routing\\Middleware\\SubstituteBindings.php(41): Illuminate\\Pipeline\\Pipeline->Illuminate\\Pipeline\\{closure}(Object(Illuminate\\Http\\Request))
#9 C:\\Users\\AmirSobhan_LP\\Documents\\GitHub\\Wallpaper-Tank-App\\web-laravel\\vendor\\laravel\\framework\\src\\Illuminate\\Pipeline\\Pipeline.php(167): Illuminate\\Routing\\Middleware\\SubstituteBindings->handle(Object(Illuminate\\Http\\Request), Object(Closure))
#10 C:\\Users\\AmirSobhan_LP\\Documents\\GitHub\\Wallpaper-Tank-App\\web-laravel\\vendor\\laravel\\framework\\src\\Illuminate\\Routing\\Middleware\\ThrottleRequests.php(127): Illuminate\\Pipeline\\Pipeline->Illuminate\\Pipeline\\{closure}(Object(Illuminate\\Http\\Request))
#11 C:\\Users\\AmirSobhan_LP\\Documents\\GitHub\\Wallpaper-Tank-App\\web-laravel\\vendor\\laravel\\framework\\src\\Illuminate\\Routing\\Middleware\\ThrottleRequests.php(103): Illuminate\\Routing\\Middleware\\ThrottleRequests->handleRequest(Object(Illuminate\\Http\\Request), Object(Closure), Array)
#12 C:\\Users\\AmirSobhan_LP\\Documents\\GitHub\\Wallpaper-Tank-App\\web-laravel\\vendor\\laravel\\framework\\src\\Illuminate\\Routing\\Middleware\\ThrottleRequests.php(55): Illuminate\\Routing\\Middleware\\ThrottleRequests->handleRequestUsingNamedLimiter(Object(Illuminate\\Http\\Request), Object(Closure), 'api', Object(Closure))
#13 C:\\Users\\AmirSobhan_LP\\Documents\\GitHub\\Wallpaper-Tank-App\\web-laravel\\vendor\\laravel\\framework\\src\\Illuminate\\Pipeline\\Pipeline.php(167): Illuminate\\Routing\\Middleware\\ThrottleRequests->handle(Object(Illuminate\\Http\\Request), Object(Closure), 'api')
#14 C:\\Users\\AmirSobhan_LP\\Documents\\GitHub\\Wallpaper-Tank-App\\web-laravel\\vendor\\laravel\\framework\\src\\Illuminate\\Pipeline\\Pipeline.php(103): Illuminate\\Pipeline\\Pipeline->Illuminate\\Pipeline\\{closure}(Object(Illuminate\\Http\\Request))
#15 C:\\Users\\AmirSobhan_LP\\Documents\\GitHub\\Wallpaper-Tank-App\\web-laravel\\vendor\\laravel\\framework\\src\\Illuminate\\Routing\\Router.php(694): Illuminate\\Pipeline\\Pipeline->then(Object(Closure))
#16 C:\\Users\\AmirSobhan_LP\\Documents\\GitHub\\Wallpaper-Tank-App\\web-laravel\\vendor\\laravel\\framework\\src\\Illuminate\\Routing\\Router.php(669): Illuminate\\Routing\\Router->runRouteWithinStack(Object(Illuminate\\Routing\\Route), Object(Illuminate\\Http\\Request))
#17 C:\\Users\\AmirSobhan_LP\\Documents\\GitHub\\Wallpaper-Tank-App\\web-laravel\\vendor\\laravel\\framework\\src\\Illuminate\\Routing\\Router.php(635): Illuminate\\Routing\\Router->runRoute(Object(Illuminate\\Http\\Request), Object(Illuminate\\Routing\\Route))
#18 C:\\Users\\AmirSobhan_LP\\Documents\\GitHub\\Wallpaper-Tank-App\\web-laravel\\vendor\\laravel\\framework\\src\\Illuminate\\Routing\\Router.php(624): Illuminate\\Routing\\Router->dispatchToRoute(Object(Illuminate\\Http\\Request))
#19 C:\\Users\\AmirSobhan_LP\\Documents\\GitHub\\Wallpaper-Tank-App\\web-laravel\\vendor\\laravel\\framework\\src\\Illuminate\\Foundation\\Http\\Kernel.php(166): Illuminate\\Routing\\Router->dispatch(Object(Illuminate\\Http\\Request))
#20 C:\\Users\\AmirSobhan_LP\\Documents\\GitHub\\Wallpaper-Tank-App\\web-laravel\\vendor\\laravel\\framework\\src\\Illuminate\\Pipeline\\Pipeline.php(128): Illuminate\\Foundation\\Http\\Kernel->Illuminate\\Foundation\\Http\\{closure}(Object(Illuminate\\Http\\Request))
#21 C:\\Users\\AmirSobhan_LP\\Documents\\GitHub\\Wallpaper-Tank-App\\web-laravel\\vendor\\laravel\\framework\\src\\Illuminate\\Foundation\\Http\\Middleware\\TransformsRequest.php(21): Illuminate\\Pipeline\\Pipeline->Illuminate\\Pipeline\\{closure}(Object(Illuminate\\Http\\Request))
#22 C:\\Users\\AmirSobhan_LP\\Documents\\GitHub\\Wallpaper-Tank-App\\web-laravel\\vendor\\laravel\\framework\\src\\Illuminate\\Pipeline\\Pipeline.php(167): Illuminate\\Foundation\\Http\\Middleware\\TransformsRequest->handle(Object(Illuminate\\Http\\Request), Object(Closure))
#23 C:\\Users\\AmirSobhan_LP\\Documents\\GitHub\\Wallpaper-Tank-App\\web-laravel\\vendor\\laravel\\framework\\src\\Illuminate\\Foundation\\Http\\Middleware\\TransformsRequest.php(21): Illuminate\\Pipeline\\Pipeline->Illuminate\\Pipeline\\{closure}(Object(Illuminate\\Http\\Request))
#24 C:\\Users\\AmirSobhan_LP\\Documents\\GitHub\\Wallpaper-Tank-App\\web-laravel\\vendor\\laravel\\framework\\src\\Illuminate\\Pipeline\\Pipeline.php(167): Illuminate\\Foundation\\Http\\Middleware\\TransformsRequest->handle(Object(Illuminate\\Http\\Request), Object(Closure))
#25 C:\\Users\\AmirSobhan_LP\\Documents\\GitHub\\Wallpaper-Tank-App\\web-laravel\\vendor\\laravel\\framework\\src\\Illuminate\\Foundation\\Http\\Middleware\\ValidatePostSize.php(27): Illuminate\\Pipeline\\Pipeline->Illuminate\\Pipeline\\{closure}(Object(Illuminate\\Http\\Request))
#26 C:\\Users\\AmirSobhan_LP\\Documents\\GitHub\\Wallpaper-Tank-App\\web-laravel\\vendor\\laravel\\framework\\src\\Illuminate\\Pipeline\\Pipeline.php(167): Illuminate\\Foundation\\Http\\Middleware\\ValidatePostSize->handle(Object(Illuminate\\Http\\Request), Object(Closure))
#27 C:\\Users\\AmirSobhan_LP\\Documents\\GitHub\\Wallpaper-Tank-App\\web-laravel\\vendor\\laravel\\framework\\src\\Illuminate\\Foundation\\Http\\Middleware\\PreventRequestsDuringMaintenance.php(86): Illuminate\\Pipeline\\Pipeline->Illuminate\\Pipeline\\{closure}(Object(Illuminate\\Http\\Request))
#28 C:\\Users\\AmirSobhan_LP\\Documents\\GitHub\\Wallpaper-Tank-App\\web-laravel\\vendor\\laravel\\framework\\src\\Illuminate\\Pipeline\\Pipeline.php(167): Illuminate\\Foundation\\Http\\Middleware\\PreventRequestsDuringMaintenance->handle(Object(Illuminate\\Http\\Request), Object(Closure))
#29 C:\\Users\\AmirSobhan_LP\\Documents\\GitHub\\Wallpaper-Tank-App\\web-laravel\\vendor\\fruitcake\\laravel-cors\\src\\HandleCors.php(57): Illuminate\\Pipeline\\Pipeline->Illuminate\\Pipeline\\{closure}(Object(Illuminate\\Http\\Request))
#30 C:\\Users\\AmirSobhan_LP\\Documents\\GitHub\\Wallpaper-Tank-App\\web-laravel\\vendor\\laravel\\framework\\src\\Illuminate\\Pipeline\\Pipeline.php(167): Fruitcake\\Cors\\HandleCors->handle(Object(Illuminate\\Http\\Request), Object(Closure))
#31 C:\\Users\\AmirSobhan_LP\\Documents\\GitHub\\Wallpaper-Tank-App\\web-laravel\\vendor\\fideloper\\proxy\\src\\TrustProxies.php(57): Illuminate\\Pipeline\\Pipeline->Illuminate\\Pipeline\\{closure}(Object(Illuminate\\Http\\Request))
#32 C:\\Users\\AmirSobhan_LP\\Documents\\GitHub\\Wallpaper-Tank-App\\web-laravel\\vendor\\laravel\\framework\\src\\Illuminate\\Pipeline\\Pipeline.php(167): Fideloper\\Proxy\\TrustProxies->handle(Object(Illuminate\\Http\\Request), Object(Closure))
#33 C:\\Users\\AmirSobhan_LP\\Documents\\GitHub\\Wallpaper-Tank-App\\web-laravel\\vendor\\laravel\\framework\\src\\Illuminate\\Pipeline\\Pipeline.php(103): Illuminate\\Pipeline\\Pipeline->Illuminate\\Pipeline\\{closure}(Object(Illuminate\\Http\\Request))
#34 C:\\Users\\AmirSobhan_LP\\Documents\\GitHub\\Wallpaper-Tank-App\\web-laravel\\vendor\\laravel\\framework\\src\\Illuminate\\Foundation\\Http\\Kernel.php(141): Illuminate\\Pipeline\\Pipeline->then(Object(Closure))
#35 C:\\Users\\AmirSobhan_LP\\Documents\\GitHub\\Wallpaper-Tank-App\\web-laravel\\vendor\\laravel\\framework\\src\\Illuminate\\Foundation\\Http\\Kernel.php(110): Illuminate\\Foundation\\Http\\Kernel->sendRequestThroughRouter(Object(Illuminate\\Http\\Request))
#36 C:\\Users\\AmirSobhan_LP\\Documents\\GitHub\\Wallpaper-Tank-App\\web-laravel\\public\\index.php(52): Illuminate\\Foundation\\Http\\Kernel->handle(Object(Illuminate\\Http\\Request))
#37 C:\\Users\\AmirSobhan_LP\\Documents\\GitHub\\Wallpaper-Tank-App\\web-laravel\\server.php(21): require_once('C:\\\\Users\\\\AmirSo...')
#38 {main}
"} 
[2021-01-16 01:36:00] local.ERROR: Call to a member function getId() on null {"exception":"[object] (Error(code: 0): Call to a member function getId() on null at C:\\Users\\AmirSobhan_LP\\Documents\\GitHub\\Wallpaper-Tank-App\\web-laravel\\app\\Models\\WallpaperLikes.php:34)
[stacktrace]
#0 C:\\Users\\AmirSobhan_LP\\Documents\\GitHub\\Wallpaper-Tank-App\\web-laravel\outes\\api.php(60): App\\Models\\WallpaperLikes::increase(Object(App\\Models\\Wallpaper))
#1 C:\\Users\\AmirSobhan_LP\\Documents\\GitHub\\Wallpaper-Tank-App\\web-laravel\\vendor\\laravel\\framework\\src\\Illuminate\\Routing\\Route.php(230): Illuminate\\Routing\\RouteFileRegistrar->{closure}('1', Object(Illuminate\\Http\\Request))
#2 C:\\Users\\AmirSobhan_LP\\Documents\\GitHub\\Wallpaper-Tank-App\\web-laravel\\vendor\\laravel\\framework\\src\\Illuminate\\Routing\\Route.php(200): Illuminate\\Routing\\Route->runCallable()
#3 C:\\Users\\AmirSobhan_LP\\Documents\\GitHub\\Wallpaper-Tank-App\\web-laravel\\vendor\\laravel\\framework\\src\\Illuminate\\Routing\\Router.php(692): Illuminate\\Routing\\Route->run()
#4 C:\\Users\\AmirSobhan_LP\\Documents\\GitHub\\Wallpaper-Tank-App\\web-laravel\\vendor\\laravel\\framework\\src\\Illuminate\\Pipeline\\Pipeline.php(128): Illuminate\\Routing\\Router->Illuminate\\Routing\\{closure}(Object(Illuminate\\Http\\Request))
#5 C:\\Users\\AmirSobhan_LP\\Documents\\GitHub\\Wallpaper-Tank-App\\web-laravel\\app\\Http\\Middleware\\isAuthorized.php(22): Illuminate\\Pipeline\\Pipeline->Illuminate\\Pipeline\\{closure}(Object(Illuminate\\Http\\Request))
#6 C:\\Users\\AmirSobhan_LP\\Documents\\GitHub\\Wallpaper-Tank-App\\web-laravel\\vendor\\laravel\\framework\\src\\Illuminate\\Pipeline\\Pipeline.php(167): App\\Http\\Middleware\\isAuthorized->handle(Object(Illuminate\\Http\\Request), Object(Closure))
#7 C:\\Users\\AmirSobhan_LP\\Documents\\GitHub\\Wallpaper-Tank-App\\web-laravel\\vendor\\laravel\\framework\\src\\Illuminate\\Routing\\Middleware\\SubstituteBindings.php(41): Illuminate\\Pipeline\\Pipeline->Illuminate\\Pipeline\\{closure}(Object(Illuminate\\Http\\Request))
#8 C:\\Users\\AmirSobhan_LP\\Documents\\GitHub\\Wallpaper-Tank-App\\web-laravel\\vendor\\laravel\\framework\\src\\Illuminate\\Pipeline\\Pipeline.php(167): Illuminate\\Routing\\Middleware\\SubstituteBindings->handle(Object(Illuminate\\Http\\Request), Object(Closure))
#9 C:\\Users\\AmirSobhan_LP\\Documents\\GitHub\\Wallpaper-Tank-App\\web-laravel\\vendor\\laravel\\framework\\src\\Illuminate\\Routing\\Middleware\\ThrottleRequests.php(127): Illuminate\\Pipeline\\Pipeline->Illuminate\\Pipeline\\{closure}(Object(Illuminate\\Http\\Request))
#10 C:\\Users\\AmirSobhan_LP\\Documents\\GitHub\\Wallpaper-Tank-App\\web-laravel\\vendor\\laravel\\framework\\src\\Illuminate\\Routing\\Middleware\\ThrottleRequests.php(103): Illuminate\\Routing\\Middleware\\ThrottleRequests->handleRequest(Object(Illuminate\\Http\\Request), Object(Closure), Array)
#11 C:\\Users\\AmirSobhan_LP\\Documents\\GitHub\\Wallpaper-Tank-App\\web-laravel\\vendor\\laravel\\framework\\src\\Illuminate\\Routing\\Middleware\\ThrottleRequests.php(55): Illuminate\\Routing\\Middleware\\ThrottleRequests->handleRequestUsingNamedLimiter(Object(Illuminate\\Http\\Request), Object(Closure), 'api', Object(Closure))
#12 C:\\Users\\AmirSobhan_LP\\Documents\\GitHub\\Wallpaper-Tank-App\\web-laravel\\vendor\\laravel\\framework\\src\\Illuminate\\Pipeline\\Pipeline.php(167): Illuminate\\Routing\\Middleware\\ThrottleRequests->handle(Object(Illuminate\\Http\\Request), Object(Closure), 'api')
#13 C:\\Users\\AmirSobhan_LP\\Documents\\GitHub\\Wallpaper-Tank-App\\web-laravel\\vendor\\laravel\\framework\\src\\Illuminate\\Pipeline\\Pipeline.php(103): Illuminate\\Pipeline\\Pipeline->Illuminate\\Pipeline\\{closure}(Object(Illuminate\\Http\\Request))
#14 C:\\Users\\AmirSobhan_LP\\Documents\\GitHub\\Wallpaper-Tank-App\\web-laravel\\vendor\\laravel\\framework\\src\\Illuminate\\Routing\\Router.php(694): Illuminate\\Pipeline\\Pipeline->then(Object(Closure))
#15 C:\\Users\\AmirSobhan_LP\\Documents\\GitHub\\Wallpaper-Tank-App\\web-laravel\\vendor\\laravel\\framework\\src\\Illuminate\\Routing\\Router.php(669): Illuminate\\Routing\\Router->runRouteWithinStack(Object(Illuminate\\Routing\\Route), Object(Illuminate\\Http\\Request))
#16 C:\\Users\\AmirSobhan_LP\\Documents\\GitHub\\Wallpaper-Tank-App\\web-laravel\\vendor\\laravel\\framework\\src\\Illuminate\\Routing\\Router.php(635): Illuminate\\Routing\\Router->runRoute(Object(Illuminate\\Http\\Request), Object(Illuminate\\Routing\\Route))
#17 C:\\Users\\AmirSobhan_LP\\Documents\\GitHub\\Wallpaper-Tank-App\\web-laravel\\vendor\\laravel\\framework\\src\\Illuminate\\Routing\\Router.php(624): Illuminate\\Routing\\Router->dispatchToRoute(Object(Illuminate\\Http\\Request))
#18 C:\\Users\\AmirSobhan_LP\\Documents\\GitHub\\Wallpaper-Tank-App\\web-laravel\\vendor\\laravel\\framework\\src\\Illuminate\\Foundation\\Http\\Kernel.php(166): Illuminate\\Routing\\Router->dispatch(Object(Illuminate\\Http\\Request))
#19 C:\\Users\\AmirSobhan_LP\\Documents\\GitHub\\Wallpaper-Tank-App\\web-laravel\\vendor\\laravel\\framework\\src\\Illuminate\\Pipeline\\Pipeline.php(128): Illuminate\\Foundation\\Http\\Kernel->Illuminate\\Foundation\\Http\\{closure}(Object(Illuminate\\Http\\Request))
#20 C:\\Users\\AmirSobhan_LP\\Documents\\GitHub\\Wallpaper-Tank-App\\web-laravel\\vendor\\laravel\\framework\\src\\Illuminate\\Foundation\\Http\\Middleware\\TransformsRequest.php(21): Illuminate\\Pipeline\\Pipeline->Illuminate\\Pipeline\\{closure}(Object(Illuminate\\Http\\Request))
#21 C:\\Users\\AmirSobhan_LP\\Documents\\GitHub\\Wallpaper-Tank-App\\web-laravel\\vendor\\laravel\\framework\\src\\Illuminate\\Pipeline\\Pipeline.php(167): Illuminate\\Foundation\\Http\\Middleware\\TransformsRequest->handle(Object(Illuminate\\Http\\Request), Object(Closure))
#22 C:\\Users\\AmirSobhan_LP\\Documents\\GitHub\\Wallpaper-Tank-App\\web-laravel\\vendor\\laravel\\framework\\src\\Illuminate\\Foundation\\Http\\Middleware\\TransformsRequest.php(21): Illuminate\\Pipeline\\Pipeline->Illuminate\\Pipeline\\{closure}(Object(Illuminate\\Http\\Request))
#23 C:\\Users\\AmirSobhan_LP\\Documents\\GitHub\\Wallpaper-Tank-App\\web-laravel\\vendor\\laravel\\framework\\src\\Illuminate\\Pipeline\\Pipeline.php(167): Illuminate\\Foundation\\Http\\Middleware\\TransformsRequest->handle(Object(Illuminate\\Http\\Request), Object(Closure))
#24 C:\\Users\\AmirSobhan_LP\\Documents\\GitHub\\Wallpaper-Tank-App\\web-laravel\\vendor\\laravel\\framework\\src\\Illuminate\\Foundation\\Http\\Middleware\\ValidatePostSize.php(27): Illuminate\\Pipeline\\Pipeline->Illuminate\\Pipeline\\{closure}(Object(Illuminate\\Http\\Request))
#25 C:\\Users\\AmirSobhan_LP\\Documents\\GitHub\\Wallpaper-Tank-App\\web-laravel\\vendor\\laravel\\framework\\src\\Illuminate\\Pipeline\\Pipeline.php(167): Illuminate\\Foundation\\Http\\Middleware\\ValidatePostSize->handle(Object(Illuminate\\Http\\Request), Object(Closure))
#26 C:\\Users\\AmirSobhan_LP\\Documents\\GitHub\\Wallpaper-Tank-App\\web-laravel\\vendor\\laravel\\framework\\src\\Illuminate\\Foundation\\Http\\Middleware\\PreventRequestsDuringMaintenance.php(86): Illuminate\\Pipeline\\Pipeline->Illuminate\\Pipeline\\{closure}(Object(Illuminate\\Http\\Request))
#27 C:\\Users\\AmirSobhan_LP\\Documents\\GitHub\\Wallpaper-Tank-App\\web-laravel\\vendor\\laravel\\framework\\src\\Illuminate\\Pipeline\\Pipeline.php(167): Illuminate\\Foundation\\Http\\Middleware\\PreventRequestsDuringMaintenance->handle(Object(Illuminate\\Http\\Request), Object(Closure))
#28 C:\\Users\\AmirSobhan_LP\\Documents\\GitHub\\Wallpaper-Tank-App\\web-laravel\\vendor\\fruitcake\\laravel-cors\\src\\HandleCors.php(57): Illuminate\\Pipeline\\Pipeline->Illuminate\\Pipeline\\{closure}(Object(Illuminate\\Http\\Request))
#29 C:\\Users\\AmirSobhan_LP\\Documents\\GitHub\\Wallpaper-Tank-App\\web-laravel\\vendor\\laravel\\framework\\src\\Illuminate\\Pipeline\\Pipeline.php(167): Fruitcake\\Cors\\HandleCors->handle(Object(Illuminate\\Http\\Request), Object(Closure))
#30 C:\\Users\\AmirSobhan_LP\\Documents\\GitHub\\Wallpaper-Tank-App\\web-laravel\\vendor\\fideloper\\proxy\\src\\TrustProxies.php(57): Illuminate\\Pipeline\\Pipeline->Illuminate\\Pipeline\\{closure}(Object(Illuminate\\Http\\Request))
#31 C:\\Users\\AmirSobhan_LP\\Documents\\GitHub\\Wallpaper-Tank-App\\web-laravel\\vendor\\laravel\\framework\\src\\Illuminate\\Pipeline\\Pipeline.php(167): Fideloper\\Proxy\\TrustProxies->handle(Object(Illuminate\\Http\\Request), Object(Closure))
#32 C:\\Users\\AmirSobhan_LP\\Documents\\GitHub\\Wallpaper-Tank-App\\web-laravel\\vendor\\laravel\\framework\\src\\Illuminate\\Pipeline\\Pipeline.php(103): Illuminate\\Pipeline\\Pipeline->Illuminate\\Pipeline\\{closure}(Object(Illuminate\\Http\\Request))
#33 C:\\Users\\AmirSobhan_LP\\Documents\\GitHub\\Wallpaper-Tank-App\\web-laravel\\vendor\\laravel\\framework\\src\\Illuminate\\Foundation\\Http\\Kernel.php(141): Illuminate\\Pipeline\\Pipeline->then(Object(Closure))
#34 C:\\Users\\AmirSobhan_LP\\Documents\\GitHub\\Wallpaper-Tank-App\\web-laravel\\vendor\\laravel\\framework\\src\\Illuminate\\Foundation\\Http\\Kernel.php(110): Illuminate\\Foundation\\Http\\Kernel->sendRequestThroughRouter(Object(Illuminate\\Http\\Request))
#35 C:\\Users\\AmirSobhan_LP\\Documents\\GitHub\\Wallpaper-Tank-App\\web-laravel\\public\\index.php(52): Illuminate\\Foundation\\Http\\Kernel->handle(Object(Illuminate\\Http\\Request))
#36 C:\\Users\\AmirSobhan_LP\\Documents\\GitHub\\Wallpaper-Tank-App\\web-laravel\\server.php(21): require_once('C:\\\\Users\\\\AmirSo...')
#37 {main}
"} 
[2021-01-16 01:51:55] local.ERROR: Call to undefined method App\Models\Category::findOrfild() {"exception":"[object] (BadMethodCallException(code: 0): Call to undefined method App\\Models\\Category::findOrfild() at C:\\Users\\AmirSobhan_LP\\Documents\\GitHub\\Wallpaper-Tank-App\\web-laravel\\vendor\\laravel\\framework\\src\\Illuminate\\Support\\Traits\\ForwardsCalls.php:50)
[stacktrace]
#0 C:\\Users\\AmirSobhan_LP\\Documents\\GitHub\\Wallpaper-Tank-App\\web-laravel\\vendor\\laravel\\framework\\src\\Illuminate\\Support\\Traits\\ForwardsCalls.php(36): Illuminate\\Database\\Eloquent\\Model::throwBadMethodCallException('findOrfild')
#1 C:\\Users\\AmirSobhan_LP\\Documents\\GitHub\\Wallpaper-Tank-App\\web-laravel\\vendor\\laravel\\framework\\src\\Illuminate\\Database\\Eloquent\\Model.php(1885): Illuminate\\Database\\Eloquent\\Model->forwardCallTo(Object(Illuminate\\Database\\Eloquent\\Builder), 'findOrfild', Array)
#2 C:\\Users\\AmirSobhan_LP\\Documents\\GitHub\\Wallpaper-Tank-App\\web-laravel\\vendor\\laravel\\framework\\src\\Illuminate\\Database\\Eloquent\\Model.php(1897): Illuminate\\Database\\Eloquent\\Model->__call('findOrfild', Array)
#3 C:\\Users\\AmirSobhan_LP\\Documents\\GitHub\\Wallpaper-Tank-App\\web-laravel\outes\\api.php(109): Illuminate\\Database\\Eloquent\\Model::__callStatic('findOrfild', Array)
#4 C:\\Users\\AmirSobhan_LP\\Documents\\GitHub\\Wallpaper-Tank-App\\web-laravel\\vendor\\laravel\\framework\\src\\Illuminate\\Routing\\Route.php(230): Illuminate\\Routing\\RouteFileRegistrar->{closure}('1')
#5 C:\\Users\\AmirSobhan_LP\\Documents\\GitHub\\Wallpaper-Tank-App\\web-laravel\\vendor\\laravel\\framework\\src\\Illuminate\\Routing\\Route.php(200): Illuminate\\Routing\\Route->runCallable()
#6 C:\\Users\\AmirSobhan_LP\\Documents\\GitHub\\Wallpaper-Tank-App\\web-laravel\\vendor\\laravel\\framework\\src\\Illuminate\\Routing\\Router.php(692): Illuminate\\Routing\\Route->run()
#7 C:\\Users\\AmirSobhan_LP\\Documents\\GitHub\\Wallpaper-Tank-App\\web-laravel\\vendor\\laravel\\framework\\src\\Illuminate\\Pipeline\\Pipeline.php(128): Illuminate\\Routing\\Router->Illuminate\\Routing\\{closure}(Object(Illuminate\\Http\\Request))
#8 C:\\Users\\AmirSobhan_LP\\Documents\\GitHub\\Wallpaper-Tank-App\\web-laravel\\vendor\\laravel\\framework\\src\\Illuminate\\Routing\\Middleware\\SubstituteBindings.php(41): Illuminate\\Pipeline\\Pipeline->Illuminate\\Pipeline\\{closure}(Object(Illuminate\\Http\\Request))
#9 C:\\Users\\AmirSobhan_LP\\Documents\\GitHub\\Wallpaper-Tank-App\\web-laravel\\vendor\\laravel\\framework\\src\\Illuminate\\Pipeline\\Pipeline.php(167): Illuminate\\Routing\\Middleware\\SubstituteBindings->handle(Object(Illuminate\\Http\\Request), Object(Closure))
#10 C:\\Users\\AmirSobhan_LP\\Documents\\GitHub\\Wallpaper-Tank-App\\web-laravel\\vendor\\laravel\\framework\\src\\Illuminate\\Routing\\Middleware\\ThrottleRequests.php(127): Illuminate\\Pipeline\\Pipeline->Illuminate\\Pipeline\\{closure}(Object(Illuminate\\Http\\Request))
#11 C:\\Users\\AmirSobhan_LP\\Documents\\GitHub\\Wallpaper-Tank-App\\web-laravel\\vendor\\laravel\\framework\\src\\Illuminate\\Routing\\Middleware\\ThrottleRequests.php(103): Illuminate\\Routing\\Middleware\\ThrottleRequests->handleRequest(Object(Illuminate\\Http\\Request), Object(Closure), Array)
#12 C:\\Users\\AmirSobhan_LP\\Documents\\GitHub\\Wallpaper-Tank-App\\web-laravel\\vendor\\laravel\\framework\\src\\Illuminate\\Routing\\Middleware\\ThrottleRequests.php(55): Illuminate\\Routing\\Middleware\\ThrottleRequests->handleRequestUsingNamedLimiter(Object(Illuminate\\Http\\Request), Object(Closure), 'api', Object(Closure))
#13 C:\\Users\\AmirSobhan_LP\\Documents\\GitHub\\Wallpaper-Tank-App\\web-laravel\\vendor\\laravel\\framework\\src\\Illuminate\\Pipeline\\Pipeline.php(167): Illuminate\\Routing\\Middleware\\ThrottleRequests->handle(Object(Illuminate\\Http\\Request), Object(Closure), 'api')
#14 C:\\Users\\AmirSobhan_LP\\Documents\\GitHub\\Wallpaper-Tank-App\\web-laravel\\vendor\\laravel\\framework\\src\\Illuminate\\Pipeline\\Pipeline.php(103): Illuminate\\Pipeline\\Pipeline->Illuminate\\Pipeline\\{closure}(Object(Illuminate\\Http\\Request))
#15 C:\\Users\\AmirSobhan_LP\\Documents\\GitHub\\Wallpaper-Tank-App\\web-laravel\\vendor\\laravel\\framework\\src\\Illuminate\\Routing\\Router.php(694): Illuminate\\Pipeline\\Pipeline->then(Object(Closure))
#16 C:\\Users\\AmirSobhan_LP\\Documents\\GitHub\\Wallpaper-Tank-App\\web-laravel\\vendor\\laravel\\framework\\src\\Illuminate\\Routing\\Router.php(669): Illuminate\\Routing\\Router->runRouteWithinStack(Object(Illuminate\\Routing\\Route), Object(Illuminate\\Http\\Request))
#17 C:\\Users\\AmirSobhan_LP\\Documents\\GitHub\\Wallpaper-Tank-App\\web-laravel\\vendor\\laravel\\framework\\src\\Illuminate\\Routing\\Router.php(635): Illuminate\\Routing\\Router->runRoute(Object(Illuminate\\Http\\Request), Object(Illuminate\\Routing\\Route))
#18 C:\\Users\\AmirSobhan_LP\\Documents\\GitHub\\Wallpaper-Tank-App\\web-laravel\\vendor\\laravel\\framework\\src\\Illuminate\\Routing\\Router.php(624): Illuminate\\Routing\\Router->dispatchToRoute(Object(Illuminate\\Http\\Request))
#19 C:\\Users\\AmirSobhan_LP\\Documents\\GitHub\\Wallpaper-Tank-App\\web-laravel\\vendor\\laravel\\framework\\src\\Illuminate\\Foundation\\Http\\Kernel.php(166): Illuminate\\Routing\\Router->dispatch(Object(Illuminate\\Http\\Request))
#20 C:\\Users\\AmirSobhan_LP\\Documents\\GitHub\\Wallpaper-Tank-App\\web-laravel\\vendor\\laravel\\framework\\src\\Illuminate\\Pipeline\\Pipeline.php(128): Illuminate\\Foundation\\Http\\Kernel->Illuminate\\Foundation\\Http\\{closure}(Object(Illuminate\\Http\\Request))
#21 C:\\Users\\AmirSobhan_LP\\Documents\\GitHub\\Wallpaper-Tank-App\\web-laravel\\vendor\\laravel\\framework\\src\\Illuminate\\Foundation\\Http\\Middleware\\TransformsRequest.php(21): Illuminate\\Pipeline\\Pipeline->Illuminate\\Pipeline\\{closure}(Object(Illuminate\\Http\\Request))
#22 C:\\Users\\AmirSobhan_LP\\Documents\\GitHub\\Wallpaper-Tank-App\\web-laravel\\vendor\\laravel\\framework\\src\\Illuminate\\Pipeline\\Pipeline.php(167): Illuminate\\Foundation\\Http\\Middleware\\TransformsRequest->handle(Object(Illuminate\\Http\\Request), Object(Closure))
#23 C:\\Users\\AmirSobhan_LP\\Documents\\GitHub\\Wallpaper-Tank-App\\web-laravel\\vendor\\laravel\\framework\\src\\Illuminate\\Foundation\\Http\\Middleware\\TransformsRequest.php(21): Illuminate\\Pipeline\\Pipeline->Illuminate\\Pipeline\\{closure}(Object(Illuminate\\Http\\Request))
#24 C:\\Users\\AmirSobhan_LP\\Documents\\GitHub\\Wallpaper-Tank-App\\web-laravel\\vendor\\laravel\\framework\\src\\Illuminate\\Pipeline\\Pipeline.php(167): Illuminate\\Foundation\\Http\\Middleware\\TransformsRequest->handle(Object(Illuminate\\Http\\Request), Object(Closure))
#25 C:\\Users\\AmirSobhan_LP\\Documents\\GitHub\\Wallpaper-Tank-App\\web-laravel\\vendor\\laravel\\framework\\src\\Illuminate\\Foundation\\Http\\Middleware\\ValidatePostSize.php(27): Illuminate\\Pipeline\\Pipeline->Illuminate\\Pipeline\\{closure}(Object(Illuminate\\Http\\Request))
#26 C:\\Users\\AmirSobhan_LP\\Documents\\GitHub\\Wallpaper-Tank-App\\web-laravel\\vendor\\laravel\\framework\\src\\Illuminate\\Pipeline\\Pipeline.php(167): Illuminate\\Foundation\\Http\\Middleware\\ValidatePostSize->handle(Object(Illuminate\\Http\\Request), Object(Closure))
#27 C:\\Users\\AmirSobhan_LP\\Documents\\GitHub\\Wallpaper-Tank-App\\web-laravel\\vendor\\laravel\\framework\\src\\Illuminate\\Foundation\\Http\\Middleware\\PreventRequestsDuringMaintenance.php(86): Illuminate\\Pipeline\\Pipeline->Illuminate\\Pipeline\\{closure}(Object(Illuminate\\Http\\Request))
#28 C:\\Users\\AmirSobhan_LP\\Documents\\GitHub\\Wallpaper-Tank-App\\web-laravel\\vendor\\laravel\\framework\\src\\Illuminate\\Pipeline\\Pipeline.php(167): Illuminate\\Foundation\\Http\\Middleware\\PreventRequestsDuringMaintenance->handle(Object(Illuminate\\Http\\Request), Object(Closure))
#29 C:\\Users\\AmirSobhan_LP\\Documents\\GitHub\\Wallpaper-Tank-App\\web-laravel\\vendor\\fruitcake\\laravel-cors\\src\\HandleCors.php(57): Illuminate\\Pipeline\\Pipeline->Illuminate\\Pipeline\\{closure}(Object(Illuminate\\Http\\Request))
#30 C:\\Users\\AmirSobhan_LP\\Documents\\GitHub\\Wallpaper-Tank-App\\web-laravel\\vendor\\laravel\\framework\\src\\Illuminate\\Pipeline\\Pipeline.php(167): Fruitcake\\Cors\\HandleCors->handle(Object(Illuminate\\Http\\Request), Object(Closure))
#31 C:\\Users\\AmirSobhan_LP\\Documents\\GitHub\\Wallpaper-Tank-App\\web-laravel\\vendor\\fideloper\\proxy\\src\\TrustProxies.php(57): Illuminate\\Pipeline\\Pipeline->Illuminate\\Pipeline\\{closure}(Object(Illuminate\\Http\\Request))
#32 C:\\Users\\AmirSobhan_LP\\Documents\\GitHub\\Wallpaper-Tank-App\\web-laravel\\vendor\\laravel\\framework\\src\\Illuminate\\Pipeline\\Pipeline.php(167): Fideloper\\Proxy\\TrustProxies->handle(Object(Illuminate\\Http\\Request), Object(Closure))
#33 C:\\Users\\AmirSobhan_LP\\Documents\\GitHub\\Wallpaper-Tank-App\\web-laravel\\vendor\\laravel\\framework\\src\\Illuminate\\Pipeline\\Pipeline.php(103): Illuminate\\Pipeline\\Pipeline->Illuminate\\Pipeline\\{closure}(Object(Illuminate\\Http\\Request))
#34 C:\\Users\\AmirSobhan_LP\\Documents\\GitHub\\Wallpaper-Tank-App\\web-laravel\\vendor\\laravel\\framework\\src\\Illuminate\\Foundation\\Http\\Kernel.php(141): Illuminate\\Pipeline\\Pipeline->then(Object(Closure))
#35 C:\\Users\\AmirSobhan_LP\\Documents\\GitHub\\Wallpaper-Tank-App\\web-laravel\\vendor\\laravel\\framework\\src\\Illuminate\\Foundation\\Http\\Kernel.php(110): Illuminate\\Foundation\\Http\\Kernel->sendRequestThroughRouter(Object(Illuminate\\Http\\Request))
#36 C:\\Users\\AmirSobhan_LP\\Documents\\GitHub\\Wallpaper-Tank-App\\web-laravel\\public\\index.php(52): Illuminate\\Foundation\\Http\\Kernel->handle(Object(Illuminate\\Http\\Request))
#37 C:\\Users\\AmirSobhan_LP\\Documents\\GitHub\\Wallpaper-Tank-App\\web-laravel\\server.php(21): require_once('C:\\\\Users\\\\AmirSo...')
#38 {main}
"} 
